Log file open, 11/18/14 06:50:45
LogInit:Display: Running engine for game: Unlit
LogInit: Version: 4.4.3-2296771+++depot+UE4-Releases+4.4
LogInit: API Version: 2255576
LogInit: Compiled (64-bit): Sep 13 2014 22:30:58
LogInit: Build Configuration: Development
LogInit: Branch Name: ++depot+UE4-Releases+4.4
LogInit: Command line: 
LogInit: Base directory: C:/Program Files/Unreal Engine/4.4/Engine/Binaries/Win64/
LogInit: Rocket: 1
[2014.11.18-11.50.45:864][  0]LogTaskGraph: Started task graph with 3 named threads and 4 total threads.
[2014.11.18-11.50.45:891][  0]LogOnline:Warning: No default platform service specified for OnlineSubsystem
[2014.11.18-11.50.45:897][  0]LogInit: Presizing for 0 objects not considered by GC, pre-allocating 0 bytes.
[2014.11.18-11.50.45:902][  0]LogInit: Object subsystem initialized
[2014.11.18-11.50.45:904][  0]LogInit: Selected Device Profile: [Windows]
[2014.11.18-11.50.45:904][  0]LogInit: Applying CVar settings loaded from the selected device profile: [Windows]
[2014.11.18-11.50.45:907][  0]LogInit: Computer: MATTHEW_PC
[2014.11.18-11.50.45:907][  0]LogInit: User: Matthew
[2014.11.18-11.50.45:909][  0]LogInit: CPU Page size=4096, Cores=4
[2014.11.18-11.50.45:909][  0]LogInit: High frequency timer resolution =3.312785 MHz
[2014.11.18-11.50.45:909][  0]LogMemory: Memory total: Physical=5.9GB (6GB approx) Virtual=131072.0GB
[2014.11.18-11.50.45:909][  0]LogMemory: Platform Memory Stats for Windows
[2014.11.18-11.50.45:909][  0]LogMemory: Process Physical Memory: 60.75 MB used, 60.88 MB peak
[2014.11.18-11.50.45:909][  0]LogMemory: Process Virtual Memory: 36.40 MB used, 36.55 MB peak
[2014.11.18-11.50.45:909][  0]LogMemory: Physical Memory: 3814.05 MB used, 6030.96 MB total
[2014.11.18-11.50.45:909][  0]LogMemory: Virtual Memory: 270.61 MB used, 134217728.00 MB total
[2014.11.18-11.50.45:948][  0]LogD3D11RHI: Found D3D11 adapter 0: NVIDIA GeForce GT 640  (Feature Level 11_0)
[2014.11.18-11.50.45:948][  0]LogD3D11RHI: Adapter has 965MB of dedicated video memory, 0MB of dedicated system memory, and 3015MB of shared system memory, 1 output[s]
[2014.11.18-11.50.45:982][  0]LogD3D11RHI: Found D3D11 adapter 1: Intel(R) HD Graphics 4000 (Feature Level 11_0)
[2014.11.18-11.50.45:982][  0]LogD3D11RHI: Adapter has 965MB of dedicated video memory, 0MB of dedicated system memory, and 3015MB of shared system memory, 0 output[s]
[2014.11.18-11.50.45:983][  0]LogD3D11RHI: Found D3D11 adapter 2: Microsoft Basic Render Driver (Feature Level 11_0)
[2014.11.18-11.50.45:983][  0]LogD3D11RHI: Adapter has 965MB of dedicated video memory, 0MB of dedicated system memory, and 3015MB of shared system memory, 0 output[s]
[2014.11.18-11.50.45:983][  0]LogD3D11RHI: Chosen D3D11 Adapter Id = 0
[2014.11.18-11.50.45:987][  0]LogRHI: Texture pool is 676 MB (70% of 965 MB)
[2014.11.18-11.50.45:992][  0]LogD3D11RHI: Async texture creation enabled
[2014.11.18-11.50.46:079][  0]LogContentStreaming: Texture pool size is 0.000000MB
[2014.11.18-11.50.47:218][  0]LogTargetPlatformManager:Display: Building Assets For Windows
[2014.11.18-11.50.47:511][  0]LogTargetPlatformManager:Display: Building Assets For Windows
[2014.11.18-11.50.47:539][  0]LogDerivedDataCache:Display: Max Cache Size: 512 MB
[2014.11.18-11.50.47:572][  0]LogDerivedDataCache: Loaded boot cache 0.03s 39MB C:/Users/Matthew/AppData/Local/UnrealEngine/4.4/DerivedDataCache/Boot.ddc.
[2014.11.18-11.50.47:572][  0]LogDerivedDataCache:Display: Loaded Boot cache: C:/Users/Matthew/AppData/Local/UnrealEngine/4.4/DerivedDataCache/Boot.ddc
[2014.11.18-11.50.47:572][  0]LogDerivedDataCache: FDerivedDataBackendGraph:  Pak pak cache file ../../../../../../Users/Matthew/Dropbox/Unreal/Unlit/DerivedDataCache/DDC.ddp not found, will not use a pak cache.
[2014.11.18-11.50.47:572][  0]LogDerivedDataCache: Unable to find inner node Pak for hierarchical cache Hierarchy.
[2014.11.18-11.50.47:586][  0]LogDerivedDataCache:Display: Pak cache opened for reading ../../../Engine/DerivedDataCache/DDC.ddp.
[2014.11.18-11.50.47:597][  0]LogDerivedDataCache: Using Local data cache path C:/Users/Matthew/AppData/Local/UnrealEngine/4.4/DerivedDataCache: Writable
[2014.11.18-11.50.47:716][  0]LogMeshUtilities: No automatic mesh reduction module available
[2014.11.18-11.50.47:716][  0]LogMeshUtilities: No automatic mesh merging module available
[2014.11.18-11.50.47:964][  0]LogInit: WinSock: version 1.1 (2.2), MaxSocks=32767, MaxUdp=65467
[2014.11.18-11.50.48:479][  0]LogStats:Warning: MetaData mismatch. Did you assign a stat to two groups? New //STATGROUP_Threads//FMonitoredProcess///Thread_2314_0///////STATCAT_Advanced//// old //STATGROUP_Threads//FMonitoredProcess///Thread_21dc_0///////STATCAT_Advanced////
[2014.11.18-11.50.48:479][  0]UdpMessaging: Initializing bridge on interface 0.0.0.0:0 to multicast group 230.0.0.1:6666.
[2014.11.18-11.50.48:569][  0]SourceControl: Info Source control is disabled
[2014.11.18-11.50.48:569][  0]SourceControl: Info Source control is disabled
[2014.11.18-11.50.48:573][  0]SourceControl: Info Source control is disabled
[2014.11.18-11.50.48:686][  0]BlueprintLog: New page: Editor Load
[2014.11.18-11.50.48:746][  0]LogObj: 21438 objects as part of root set at end of initial load.
[2014.11.18-11.50.48:746][  0]LogUObjectAllocator: 4218656 out of 0 bytes used by permanent object pool.
[2014.11.18-11.50.48:873][  0]LogEngine: Initializing Engine...
[2014.11.18-11.50.48:951][  0]LogInit: XAudio2 using 'Speakers (Realtek High Definition Audio)' : 2 channels at 48 kHz using 32 bits per sample (channel mask 0x3)
[2014.11.18-11.50.49:040][  0]LogInit: FAudioDevice initialized.
[2014.11.18-11.50.49:051][  0]LogAIModule: Creating AISystem for world NewWorld
[2014.11.18-11.50.49:161][  0]LogDerivedDataCache: Saved boot cache 0.11s 39MB C:/Users/Matthew/AppData/Local/UnrealEngine/4.4/DerivedDataCache/Boot.ddc.
[2014.11.18-11.50.49:165][  0]LogInit: Texture streaming: Enabled
[2014.11.18-11.50.49:185][  0]LogInit: Transaction tracking system initialized
[2014.11.18-11.50.49:256][  0]LogAssetRegistry: FAssetRegistry took 0.0104 seconds to start up
[2014.11.18-11.50.49:601][  0]LogTargetPlatformManager:Display: Building Assets For Windows
[2014.11.18-11.50.49:847][  0]LogTargetPlatformManager:Display: Building Assets For Windows
[2014.11.18-11.50.49:924][  0]LogConsoleResponse:Display: 
[2014.11.18-11.50.50:033][  0]LogStats:Warning: MetaData mismatch. Did you assign a stat to two groups? New //STATGROUP_Threads//FMonitoredProcess///Thread_1394_0///////STATCAT_Advanced//// old //STATGROUP_Threads//FMonitoredProcess///Thread_21dc_0///////STATCAT_Advanced////
[2014.11.18-11.50.50:033][  0]LogStats:Warning: MetaData mismatch. Did you assign a stat to two groups? New //STATGROUP_Threads//FMonitoredProcess///Thread_8fc_0///////STATCAT_Advanced//// old //STATGROUP_Threads//FMonitoredProcess///Thread_21dc_0///////STATCAT_Advanced////
[2014.11.18-11.50.50:033][  0]SourceControl: Info Source control is disabled
[2014.11.18-11.50.50:033][  0]Cmd: MAP LOAD FILE="../../../../../../Users/Matthew/Dropbox/Unreal/Unlit/Content/Maps/Example_Map.umap" TEMPLATE=0 SHOWPROGRESS=1
[2014.11.18-11.50.50:034][  0]LightingResults: New page: Lighting Build
[2014.11.18-11.50.50:039][  0]MapCheck: New page: Map Check
[2014.11.18-11.50.50:039][  0]LightingResults: New page: Lighting Build
[2014.11.18-11.50.50:049][  0]LogParticles: Destroying 0 GPU particle simulations for FXSystem 0x000000E057A05300
[2014.11.18-11.50.50:124][  0]LogEditorServer: Finished looking for orphan Actors (0.000 secs)
[2014.11.18-11.50.50:124][  0]LogAIModule: Creating AISystem for world Example_Map
[2014.11.18-11.50.50:124][  0]Cmd: MAP CHECKDEP
[2014.11.18-11.50.50:124][  0]MapCheck: New page: Example_Map - Nov 18, 2014, 1:50:50 AM
[2014.11.18-11.50.50:168][  0]MapCheck: Info ========== Map Check: 0 Error(s), 0 Warning(s), [43.687ms] ==========
[2014.11.18-11.50.50:168][  0]LogFileHelpers: Loading map 'Example_Map' took 0.135
[2014.11.18-11.50.50:245][  0]LogCollectionManager: Loaded 0 collections in 0.000691 seconds
[2014.11.18-11.50.50:302][  0]LogCrashTracker: Crashtracker disabled due to settings.
[2014.11.18-11.50.50:348][  0]LogLoad: Full Startup: 6.04 seconds (BP compile: 0.02 seconds)
[2014.11.18-11.50.50:359][  0]LogContentBrowser:Verbose: The content browser source was changed by the sources view to '/Game/Blueprints'
[2014.11.18-11.50.50:440][  0]LogRenderer:Warning: Reallocating scene render targets to support 32x32.
[2014.11.18-11.50.50:544][  0]LogRenderer:Warning: Reallocating scene render targets to support 896x872.
[2014.11.18-11.50.50:866][  1]LogAssetRegistry: Asset discovery search completed in 1.6213 seconds
[2014.11.18-11.50.52:644][ 74]LogEditorViewport: Clicking on Actor (LMB): Wall_400x200_Blue_C (Wall_400x200_Blue)
[2014.11.18-11.50.53:988][137]LogPlayLevel: PIE:  No blueprints needed recompiling
[2014.11.18-11.50.53:988][137]PIE: New page: PIE session: Example_Map (Nov 18, 2014, 1:50:53 AM)
[2014.11.18-11.50.54:009][137]LogPlayLevel: PIE: StaticDuplicateObject took: (0.021207s)
[2014.11.18-11.50.54:010][137]LogPlayLevel: PIE: World Init took: (0.000724s)
[2014.11.18-11.50.54:010][137]LogPlayLevel: PIE: Created PIE world by copying editor world from /Game/Maps/Example_Map.Example_Map to /Game/Maps/UEDPIE_0_Example_Map.Example_Map (0.022183s)
[2014.11.18-11.50.54:291][137]BlueprintLog:Warning: Warning Blueprint MyHUD has been migrated and requires re-saving to avoid import errors
[2014.11.18-11.50.54:291][137]BlueprintLog:Warning: Warning Blueprint MyGame has been migrated and requires re-saving to avoid import errors
[2014.11.18-11.50.54:292][137]LogWorld: Game class is 'MyGame_C'
[2014.11.18-11.50.54:293][137]LogAIModule: Creating AISystem for world Example_Map
[2014.11.18-11.50.54:297][137]LogWorld: Bringing World /Game/Maps/UEDPIE_0_Example_Map.Example_Map up for play (max tick rate 0) at 2014.11.18-06.50.54
[2014.11.18-11.50.54:297][137]LogWorld: Bringing up level for play took: 0.004078
[2014.11.18-11.50.54:299][137]PIE: Info Play in editor start time for /Game/Maps/UEDPIE_0_Example_Map 0.483
[2014.11.18-11.50.54:370][138]LogRenderer:Warning: Reallocating scene render targets to support 896x880.
[2014.11.18-11.50.54:811][155]LogScript:Warning: Accessed None 'carryBlue'
	MyProjectile_C /Game/Maps/UEDPIE_0_Example_Map.Example_Map:PersistentLevel.MyProjectile_C_0
	Function /Game/Blueprints/MyProjectile.MyProjectile_C:ExecuteUbergraph_MyProjectile:04A8
[2014.11.18-11.50.54:811][155]PIE:Error: Error Accessed None 'carryBlue' from node Construction Script in blueprint MyProjectile
[2014.11.18-11.50.56:848][247]LogActorComponent: UnregisterComponent: (/Engine/Transient.ProjectileMovementComponent_0) Not registered. Aborting.
[2014.11.18-11.50.56:848][247]LogActorComponent: UnregisterComponent: (/Engine/Transient.CharacterMovementComponent_0) Not registered. Aborting.
[2014.11.18-11.50.56:866][247]LogParticles: Destroying 0 GPU particle simulations for FXSystem 0x000000E056EA67A0
[2014.11.18-11.50.57:565][271]LogEditorViewport: Clicking on Actor (LMB): Wall_400x200_Blue_C (Wall_400x200_Blue)
[2014.11.18-11.50.57:685][274]LogEditorViewport: Clicking on Actor (double click): Wall_400x200_Blue_C (Wall_400x200_Blue)
[2014.11.18-11.51.23:988][759]Cmd: OBJ SAVEPACKAGE PACKAGE="/Game/Architecture/Wall_400x200_Blue" FILE="../../../../../../Users/Matthew/Dropbox/Unreal/Unlit/Content/Architecture/Wall_400x200_Blue.uasset" SILENT=true
[2014.11.18-11.51.24:341][759]LogSavePackage: Save=336.102112ms
[2014.11.18-11.51.24:341][759]LogSavePackage: Moving '../../../../../../Users/Matthew/Dropbox/Unreal/Unlit/Saved/Wall_400x200_Blue2E2809664270D6AFF410339092B4C42B.tmp' to '../../../../../../Users/Matthew/Dropbox/Unreal/Unlit/Content/Architecture/Wall_400x200_Blue.uasset'
[2014.11.18-11.51.24:949][787]BlueprintLog: New page: Pre-PIE auto-recompile
[2014.11.18-11.51.24:968][787]LogPlayLevel: [PIE] Compiling Wall_400x200_Blue before PIE...
[2014.11.18-11.51.25:030][787]LogPlayLevel: [PIE] Compiling MyProjectile before PIE...
[2014.11.18-11.51.25:085][787]LogPlayLevel: [PIE] Compiling MyCharacter before PIE...
[2014.11.18-11.51.25:161][787]LogPlayLevel: PIE:  Blueprint regeneration took 211 ms (3 blueprints)
[2014.11.18-11.51.25:161][787]PIE: New page: PIE session: Example_Map (Nov 18, 2014, 1:51:25 AM)
[2014.11.18-11.51.25:177][787]LogPlayLevel: PIE: StaticDuplicateObject took: (0.016098s)
[2014.11.18-11.51.25:178][787]LogPlayLevel: PIE: World Init took: (0.000678s)
[2014.11.18-11.51.25:178][787]LogPlayLevel: PIE: Created PIE world by copying editor world from /Game/Maps/Example_Map.Example_Map to /Game/Maps/UEDPIE_0_Example_Map.Example_Map (0.017021s)
[2014.11.18-11.51.25:216][787]LogWorld: Game class is 'MyGame_C'
[2014.11.18-11.51.25:217][787]LogAIModule: Creating AISystem for world Example_Map
[2014.11.18-11.51.25:221][787]LogWorld: Bringing World /Game/Maps/UEDPIE_0_Example_Map.Example_Map up for play (max tick rate 0) at 2014.11.18-06.51.25
[2014.11.18-11.51.25:222][787]LogWorld: Bringing up level for play took: 0.004651
[2014.11.18-11.51.25:223][787]PIE: Info Play in editor start time for /Game/Maps/UEDPIE_0_Example_Map -0.593
[2014.11.18-11.51.28:387][922]LogScript:Warning: Accessed None 'carryBlue'
	MyProjectile_C /Game/Maps/UEDPIE_0_Example_Map.Example_Map:PersistentLevel.MyProjectile_C_0
	Function /Game/Blueprints/MyProjectile.MyProjectile_C:ExecuteUbergraph_MyProjectile:04A8
[2014.11.18-11.51.28:387][922]PIE:Error: Error Accessed None 'carryBlue' from node Construction Script in blueprint MyProjectile
[2014.11.18-11.51.30:660][ 26]LogScript:Warning: Accessed None 'carryBlue'
	MyProjectile_C /Game/Maps/UEDPIE_0_Example_Map.Example_Map:PersistentLevel.MyProjectile_C_1
	Function /Game/Blueprints/MyProjectile.MyProjectile_C:ExecuteUbergraph_MyProjectile:04A8
[2014.11.18-11.51.30:661][ 26]PIE:Error: Error Accessed None 'carryBlue' from node Construction Script in blueprint MyProjectile
[2014.11.18-11.51.31:882][ 76]LogActorComponent: UnregisterComponent: (/Engine/Transient.CharacterMovementComponent_1) Not registered. Aborting.
[2014.11.18-11.51.31:897][ 76]LogParticles: Destroying 0 GPU particle simulations for FXSystem 0x000000E06A253100
[2014.11.18-11.51.31:903][ 76]LogParticles: Destroying 0 GPU particle simulations for FXSystem 0x000000E0568CDA80
[2014.11.18-11.51.38:293][331]LogBlueprint:Warning: Unknown type of hyperlinked object
[2014.11.18-11.51.53:511][ 32]LogActorComponent: UnregisterComponent: (/Engine/Transient.ProjectileMovementComponent_1) Not registered. Aborting.
[2014.11.18-11.51.55:169][ 91]BlueprintLog: New page: Pre-PIE auto-recompile
[2014.11.18-11.51.55:174][ 91]LogActorComponent: UnregisterComponent: (/Engine/Transient.ProjectileMovementComponent_2) Not registered. Aborting.
[2014.11.18-11.51.55:174][ 91]LogPlayLevel: [PIE] Compiling MyProjectile before PIE...
[2014.11.18-11.51.55:232][ 91]LogPlayLevel: [PIE] Compiling MyCharacter before PIE...
[2014.11.18-11.51.55:321][ 91]LogPlayLevel: PIE:  Blueprint regeneration took 152 ms (2 blueprints)
[2014.11.18-11.51.55:321][ 91]PIE: New page: PIE session: Example_Map (Nov 18, 2014, 1:51:55 AM)
[2014.11.18-11.51.55:338][ 91]LogPlayLevel: PIE: StaticDuplicateObject took: (0.016235s)
[2014.11.18-11.51.55:338][ 91]LogPlayLevel: PIE: World Init took: (0.000704s)
[2014.11.18-11.51.55:339][ 91]LogPlayLevel: PIE: Created PIE world by copying editor world from /Game/Maps/Example_Map.Example_Map to /Game/Maps/UEDPIE_0_Example_Map.Example_Map (0.017234s)
[2014.11.18-11.51.55:378][ 91]LogWorld: Game class is 'MyGame_C'
[2014.11.18-11.51.55:379][ 91]LogAIModule: Creating AISystem for world Example_Map
[2014.11.18-11.51.55:383][ 91]LogWorld: Bringing World /Game/Maps/UEDPIE_0_Example_Map.Example_Map up for play (max tick rate 0) at 2014.11.18-06.51.55
[2014.11.18-11.51.55:383][ 91]LogWorld: Bringing up level for play took: 0.004661
[2014.11.18-11.51.55:385][ 91]PIE: Info Play in editor start time for /Game/Maps/UEDPIE_0_Example_Map -0.431
[2014.11.18-11.52.00:657][308]LogActorComponent: UnregisterComponent: (/Engine/Transient.CharacterMovementComponent_2) Not registered. Aborting.
[2014.11.18-11.52.00:657][308]LogActorComponent: UnregisterComponent: (/Engine/Transient.ProjectileMovementComponent_3) Not registered. Aborting.
[2014.11.18-11.52.00:672][308]LogParticles: Destroying 0 GPU particle simulations for FXSystem 0x000000E06B91F100
[2014.11.18-11.52.00:696][309]LogParticles: Destroying 0 GPU particle simulations for FXSystem 0x000000E06B32DA80
[2014.11.18-11.52.37:440][ 92]LogSlate:Warning: Prevented a slow task dialog from being summoned while a context menu was open
[2014.11.18-11.53.35:620][557]BlueprintLog: New page: Compile MyHUD
[2014.11.18-11.53.35:672][557]LogActorComponent: UnregisterComponent: (/Engine/Transient.CharacterMovementComponent_3) Not registered. Aborting.
[2014.11.18-11.53.35:672][557]LogActorComponent: UnregisterComponent: (/Engine/Transient.ProjectileMovementComponent_4) Not registered. Aborting.
[2014.11.18-11.53.35:694][557]LogParticles: Destroying 0 GPU particle simulations for FXSystem 0x000000E0569BB4C0
[2014.11.18-11.53.35:719][557]BlueprintEditorCompileResults: Info [0171.32] Compile of MyHUD successful! [in 1 ms]
[2014.11.18-11.53.50:028][162]LogSlate:Warning: GetFontFace failed to load or process 'Roboto-Regular'
[2014.11.18-11.53.50:028][162]LogSlate:Warning: GetFontFace failed to load or process 'Roboto-Regular'
[2014.11.18-11.53.50:030][162]LogSlate:Warning: GetFontFace failed to load or process 'Roboto-Regular'
[2014.11.18-11.53.50:030][162]LogSlate:Warning: GetFontFace failed to load or process 'Roboto-Regular'
[2014.11.18-11.53.50:030][162]LogSlate:Warning: GetFontFace failed to load or process 'Roboto-Regular'
[2014.11.18-11.53.50:030][162]LogSlate:Warning: GetFontFace failed to load or process 'Roboto-Regular'
[2014.11.18-11.53.50:030][162]LogSlate:Warning: GetFontFace failed to load or process 'Roboto-Regular'
[2014.11.18-11.53.50:030][162]LogSlate:Warning: GetFontFace failed to load or process 'Roboto-Regular'
[2014.11.18-11.53.50:030][162]LogSlate:Warning: GetFontFace failed to load or process 'Roboto-Regular'
[2014.11.18-11.53.50:030][162]LogSlate:Warning: GetFontFace failed to load or process 'Roboto-Regular'
[2014.11.18-11.53.50:030][162]LogSlate:Warning: GetFontFace failed to load or process 'Roboto-Regular'
[2014.11.18-11.53.50:030][162]LogSlate:Warning: GetFontFace failed to load or process 'Roboto-Regular'
[2014.11.18-11.53.50:030][162]LogSlate:Warning: GetFontFace failed to load or process 'Roboto-Regular'
[2014.11.18-11.53.50:030][162]LogSlate:Warning: GetFontFace failed to load or process 'Roboto-Regular'
[2014.11.18-11.53.50:031][162]LogSlate:Warning: GetFontFace failed to load or process 'Roboto-Regular'
[2014.11.18-11.53.50:031][162]LogSlate:Warning: GetFontFace failed to load or process 'Roboto-Regular'
[2014.11.18-11.53.50:031][162]LogSlate:Warning: GetFontFace failed to load or process 'Roboto-Regular'
[2014.11.18-11.53.50:031][162]LogSlate:Warning: GetFontFace failed to load or process 'Roboto-Regular'
[2014.11.18-11.53.54:352][440]LogSlate:Warning: GetFontFace failed to load or process 'Roboto-Regular'
[2014.11.18-11.53.54:352][440]LogSlate:Warning: GetFontFace failed to load or process 'Roboto-Regular'
[2014.11.18-11.55.28:461][335]LogSlate:Warning: GetFontFace failed to load or process 'Roboto-Regular'
[2014.11.18-11.55.28:461][335]LogSlate:Warning: GetFontFace failed to load or process 'Roboto-Regular'
[2014.11.18-11.55.28:461][335]LogSlate:Warning: GetFontFace failed to load or process 'Roboto-Regular'
[2014.11.18-11.55.28:461][335]LogSlate:Warning: GetFontFace failed to load or process 'Roboto-Regular'
[2014.11.18-11.55.28:461][335]LogSlate:Warning: GetFontFace failed to load or process 'Roboto-Regular'
[2014.11.18-11.55.28:461][335]LogSlate:Warning: GetFontFace failed to load or process 'Roboto-Regular'
[2014.11.18-11.55.42:390][311]LogSlate:Warning: GetFontFace failed to load or process 'Roboto-Regular'
[2014.11.18-11.56.02:838][617]LogSlate:Warning: GetFontFace failed to load or process 'Roboto-Regular'
[2014.11.18-11.56.02:838][617]LogSlate:Warning: GetFontFace failed to load or process 'Roboto-Regular'
[2014.11.18-11.56.02:838][617]LogSlate:Warning: GetFontFace failed to load or process 'Roboto-Regular'
[2014.11.18-11.56.52:692][571]LogSlate:Warning: GetFontFace failed to load or process 'Roboto-Regular'
[2014.11.18-11.56.52:692][571]LogSlate:Warning: GetFontFace failed to load or process 'Roboto-Regular'
[2014.11.18-11.56.52:692][571]LogSlate:Warning: GetFontFace failed to load or process 'Roboto-Regular'
[2014.11.18-11.57.52:783][658]BlueprintLog: New page: Pre-PIE auto-recompile
[2014.11.18-11.57.52:787][658]LogActorComponent: UnregisterComponent: (/Engine/Transient.CharacterMovementComponent_4) Not registered. Aborting.
[2014.11.18-11.57.52:787][658]LogActorComponent: UnregisterComponent: (/Engine/Transient.ProjectileMovementComponent_5) Not registered. Aborting.
[2014.11.18-11.57.52:787][658]LogPlayLevel: [PIE] Compiling Wall_400x200_Blue before PIE...
[2014.11.18-11.57.52:895][658]LogPlayLevel: [PIE] Compiling MyProjectile before PIE...
[2014.11.18-11.57.52:980][658]LogPlayLevel: [PIE] Compiling MyCharacter before PIE...
[2014.11.18-11.57.53:101][658]LogParticles: Destroying 0 GPU particle simulations for FXSystem 0x000000E06B2FF1A0
[2014.11.18-11.57.53:101][658]LogParticles: Destroying 0 GPU particle simulations for FXSystem 0x000000E06CBE3560
[2014.11.18-11.57.53:112][658]LogPlayLevel: PIE:  Blueprint regeneration took 329 ms (3 blueprints)
[2014.11.18-11.57.53:112][658]PIE: New page: PIE session: Example_Map (Nov 18, 2014, 1:57:53 AM)
[2014.11.18-11.57.53:128][658]LogPlayLevel: PIE: StaticDuplicateObject took: (0.016262s)
[2014.11.18-11.57.53:129][658]LogPlayLevel: PIE: World Init took: (0.000741s)
[2014.11.18-11.57.53:129][658]LogPlayLevel: PIE: Created PIE world by copying editor world from /Game/Maps/Example_Map.Example_Map to /Game/Maps/UEDPIE_0_Example_Map.Example_Map (0.017241s)
[2014.11.18-11.57.53:171][658]LogWorld: Game class is 'MyGame_C'
[2014.11.18-11.57.53:173][658]LogAIModule: Creating AISystem for world Example_Map
[2014.11.18-11.57.53:176][658]LogWorld: Bringing World /Game/Maps/UEDPIE_0_Example_Map.Example_Map up for play (max tick rate 0) at 2014.11.18-06.57.53
[2014.11.18-11.57.53:177][658]LogWorld: Bringing up level for play took: 0.004124
[2014.11.18-11.57.53:178][658]PIE: Info Play in editor start time for /Game/Maps/UEDPIE_0_Example_Map 1.362
[2014.11.18-11.57.57:137][815]LogActorComponent: UnregisterComponent: (/Engine/Transient.CharacterMovementComponent_5) Not registered. Aborting.
[2014.11.18-11.57.57:154][815]LogParticles: Destroying 0 GPU particle simulations for FXSystem 0x000000E06B8E74C0
[2014.11.18-11.57.57:180][816]LogParticles: Destroying 0 GPU particle simulations for FXSystem 0x000000E06B91E840
[2014.11.18-11.59.03:412][555]LogActorComponent: UnregisterComponent: (/Engine/Transient.ProjectileMovementComponent_6) Not registered. Aborting.
[2014.11.18-11.59.03:412][555]LogActorComponent: UnregisterComponent: (/Engine/Transient.CharacterMovementComponent_6) Not registered. Aborting.
[2014.11.18-11.59.19:430][410]BlueprintLog: New page: Compile Wall_400x200_Blue
[2014.11.18-11.59.19:518][410]LogParticles: Destroying 0 GPU particle simulations for FXSystem 0x000000E068ABF1A0
[2014.11.18-11.59.19:540][410]BlueprintEditorCompileResults: Info [0515.13] Compile of Wall_400x200_Blue successful! [in 1 ms]
[2014.11.18-12.01.56:273][129]LogActorComponent: UnregisterComponent: (/Engine/Transient.ProjectileMovementComponent_7) Not registered. Aborting.
[2014.11.18-12.01.56:273][129]LogActorComponent: UnregisterComponent: (/Engine/Transient.CharacterMovementComponent_7) Not registered. Aborting.
[2014.11.18-12.01.56:301][129]LogParticles: Destroying 0 GPU particle simulations for FXSystem 0x000000E06B2034C0
[2014.11.18-12.01.56:302][129]LogParticles: Destroying 0 GPU particle simulations for FXSystem 0x000000E073C0B1A0
[2014.11.18-12.01.56:386][129]LogSavePackage: Save=32.428909ms
[2014.11.18-12.01.56:386][129]LogSavePackage: Moving '../../../../../../Users/Matthew/Dropbox/Unreal/Unlit/Saved/Example_Map_Auto14EFE8164433D184D7F22CEA5DAB7FF6B.tmp' to '../../../../../../Users/Matthew/Dropbox/Unreal/Unlit/Saved/Autosaves/Game/Maps/Example_Map_Auto1.umap'
[2014.11.18-12.01.56:393][129]LogFileHelpers: Editor autosave (incl. sublevels) for '/Game/Maps/Example_Map' took 0.120
[2014.11.18-12.01.56:393][129]LogFileHelpers: Editor autosave (incl. sublevels) for all levels took 0.120
[2014.11.18-12.01.56:400][129]OBJ SavePackage: Generating thumbnails for [1] asset(s) in package [/Game/Architecture/Wall_400x200_Blue] ([1] browsable assets)...
[2014.11.18-12.01.56:425][129]OBJ SavePackage:     Rendered thumbnail for [Blueprint /Game/Architecture/Wall_400x200_Blue.Wall_400x200_Blue]
[2014.11.18-12.01.56:425][129]OBJ SavePackage: Finished generating thumbnails for package [/Game/Architecture/Wall_400x200_Blue]
[2014.11.18-12.01.56:779][129]LogSavePackage: Save=330.361603ms
[2014.11.18-12.01.56:779][129]LogSavePackage: Moving '../../../../../../Users/Matthew/Dropbox/Unreal/Unlit/Saved/Wall_400x200_Blue_Auto16405CDDD49BBB3D4D2EC64828E2B9B36.tmp' to '../../../../../../Users/Matthew/Dropbox/Unreal/Unlit/Saved/Autosaves/Game/Architecture/Wall_400x200_Blue_Auto1.uasset'
[2014.11.18-12.01.56:788][129]OBJ SavePackage: Generating thumbnails for [1] asset(s) in package [/Game/Blueprints/MyCharacter] ([1] browsable assets)...
[2014.11.18-12.01.56:809][129]OBJ SavePackage:     Rendered thumbnail for [Blueprint /Game/Blueprints/MyCharacter.MyCharacter]
[2014.11.18-12.01.56:809][129]OBJ SavePackage: Finished generating thumbnails for package [/Game/Blueprints/MyCharacter]
[2014.11.18-12.01.57:121][129]LogSavePackage: Save=289.726624ms
[2014.11.18-12.01.57:121][129]LogSavePackage: Moving '../../../../../../Users/Matthew/Dropbox/Unreal/Unlit/Saved/MyCharacter_Auto1C3C3C3134724FE06CB20CFAAB9E62822.tmp' to '../../../../../../Users/Matthew/Dropbox/Unreal/Unlit/Saved/Autosaves/Game/Blueprints/MyCharacter_Auto1.uasset'
[2014.11.18-12.01.57:130][129]OBJ SavePackage: Generating thumbnails for [1] asset(s) in package [/Game/Blueprints/MyProjectile] ([1] browsable assets)...
[2014.11.18-12.01.57:160][129]OBJ SavePackage:     Rendered thumbnail for [Blueprint /Game/Blueprints/MyProjectile.MyProjectile]
[2014.11.18-12.01.57:160][129]OBJ SavePackage: Finished generating thumbnails for package [/Game/Blueprints/MyProjectile]
[2014.11.18-12.01.57:540][129]LogSavePackage: Save=356.828461ms
[2014.11.18-12.01.57:540][129]LogSavePackage: Moving '../../../../../../Users/Matthew/Dropbox/Unreal/Unlit/Saved/MyProjectile_Auto1EE66CCE1438FB9865E408A9C8B16E64F.tmp' to '../../../../../../Users/Matthew/Dropbox/Unreal/Unlit/Saved/Autosaves/Game/Blueprints/MyProjectile_Auto1.uasset'
[2014.11.18-12.01.57:550][129]OBJ SavePackage: Generating thumbnails for [0] asset(s) in package [/Game/Blueprints/MyHUD] ([1] browsable assets)...
[2014.11.18-12.01.57:561][129]OBJ SavePackage: Finished generating thumbnails for package [/Game/Blueprints/MyHUD]
[2014.11.18-12.01.57:564][129]Cmd: OBJ SAVEPACKAGE PACKAGE="/Game/Blueprints/MyHUD" FILE="../../../../../../Users/Matthew/Dropbox/Unreal/Unlit/Saved/Autosaves/Game/Blueprints/MyHUD_Auto1.uasset" SILENT=false AUTOSAVING=true
[2014.11.18-12.01.57:597][129]LogSavePackage: Save=13.161736ms
[2014.11.18-12.01.57:597][129]LogSavePackage: Moving '../../../../../../Users/Matthew/Dropbox/Unreal/Unlit/Saved/MyHUD_Auto1FF3B49514C912B8868618CB0AC0BC84E.tmp' to '../../../../../../Users/Matthew/Dropbox/Unreal/Unlit/Saved/Autosaves/Game/Blueprints/MyHUD_Auto1.uasset'
[2014.11.18-12.01.57:601][129]LogFileHelpers: Auto-saving content packages took 1.208
[2014.11.18-12.02.23:317][254]LogSlate:Warning: GetFontFace failed to load or process 'Roboto-Regular'
[2014.11.18-12.02.23:317][254]LogSlate:Warning: GetFontFace failed to load or process 'Roboto-Regular'
[2014.11.18-12.03.18:716][626]LogActorComponent: UnregisterComponent: (/Engine/Transient.CharacterMovementComponent_8) Not registered. Aborting.
[2014.11.18-12.03.18:717][626]LogActorComponent: UnregisterComponent: (/Engine/Transient.ProjectileMovementComponent_8) Not registered. Aborting.
[2014.11.18-12.03.21:806][859]LogRenderer:Warning: Reallocating scene render targets to support 1616x896.
[2014.11.18-12.05.51:907][ 23]LogActorComponent: UnregisterComponent: (/Engine/Transient.ProjectileMovementComponent_9) Not registered. Aborting.
[2014.11.18-12.05.51:907][ 23]LogActorComponent: UnregisterComponent: (/Engine/Transient.CharacterMovementComponent_9) Not registered. Aborting.
[2014.11.18-12.05.51:948][ 23]LogParticles: Destroying 0 GPU particle simulations for FXSystem 0x000000E073BC3420
[2014.11.18-12.05.52:041][ 23]Cmd: OBJ SAVEPACKAGE PACKAGE="/Game/Maps/Example_Map" FILE="../../../../../../Users/Matthew/Dropbox/Unreal/Unlit/Content/Maps/Example_Map.umap" SILENT=true AUTOSAVING=false KEEPDIRTY=false
[2014.11.18-12.05.52:129][ 23]LogSavePackage: Save=52.397003ms
[2014.11.18-12.05.52:129][ 23]LogSavePackage: Moving '../../../../../../Users/Matthew/Dropbox/Unreal/Unlit/Saved/Example_MapD8488F76455ADFF035339D98432458B6.tmp' to '../../../../../../Users/Matthew/Dropbox/Unreal/Unlit/Content/Maps/Example_Map.umap'
[2014.11.18-12.05.52:153][ 23]LogFileHelpers: Saving map 'Example_Map' took 0.165
[2014.11.18-12.05.52:189][ 23]Cmd: OBJ SAVEPACKAGE PACKAGE="/Game/Architecture/Wall_400x200_Blue" FILE="../../../../../../Users/Matthew/Dropbox/Unreal/Unlit/Content/Architecture/Wall_400x200_Blue.uasset" SILENT=true
[2014.11.18-12.05.52:535][ 23]LogSavePackage: Save=330.530945ms
[2014.11.18-12.05.52:535][ 23]LogSavePackage: Moving '../../../../../../Users/Matthew/Dropbox/Unreal/Unlit/Saved/Wall_400x200_Blue924B89064C542791313C74AD9A049DC4.tmp' to '../../../../../../Users/Matthew/Dropbox/Unreal/Unlit/Content/Architecture/Wall_400x200_Blue.uasset'
[2014.11.18-12.05.52:540][ 23]Cmd: OBJ SAVEPACKAGE PACKAGE="/Game/Blueprints/MyCharacter" FILE="../../../../../../Users/Matthew/Dropbox/Unreal/Unlit/Content/Blueprints/MyCharacter.uasset" SILENT=true
[2014.11.18-12.05.52:592][ 23]LogSavePackage: Save=38.080345ms
[2014.11.18-12.05.52:592][ 23]LogSavePackage: Moving '../../../../../../Users/Matthew/Dropbox/Unreal/Unlit/Saved/MyCharacter2C78B1E24ED32E0B526AFAA81316C689.tmp' to '../../../../../../Users/Matthew/Dropbox/Unreal/Unlit/Content/Blueprints/MyCharacter.uasset'
[2014.11.18-12.05.52:599][ 23]Cmd: OBJ SAVEPACKAGE PACKAGE="/Game/Blueprints/MyProjectile" FILE="../../../../../../Users/Matthew/Dropbox/Unreal/Unlit/Content/Blueprints/MyProjectile.uasset" SILENT=true
[2014.11.18-12.05.52:639][ 23]LogSavePackage: Save=26.985149ms
[2014.11.18-12.05.52:639][ 23]LogSavePackage: Moving '../../../../../../Users/Matthew/Dropbox/Unreal/Unlit/Saved/MyProjectile4C78011547E570A7285E1AB63E5CCE45.tmp' to '../../../../../../Users/Matthew/Dropbox/Unreal/Unlit/Content/Blueprints/MyProjectile.uasset'
[2014.11.18-12.05.52:647][ 23]Cmd: OBJ SAVEPACKAGE PACKAGE="/Game/Blueprints/MyHUD" FILE="../../../../../../Users/Matthew/Dropbox/Unreal/Unlit/Content/Blueprints/MyHUD.uasset" SILENT=true
[2014.11.18-12.05.52:677][ 23]LogSavePackage: Save=16.864662ms
[2014.11.18-12.05.52:677][ 23]LogSavePackage: Moving '../../../../../../Users/Matthew/Dropbox/Unreal/Unlit/Saved/MyHUDFC7AE539434CFF78DECC4E85B49F6463.tmp' to '../../../../../../Users/Matthew/Dropbox/Unreal/Unlit/Content/Blueprints/MyHUD.uasset'
[2014.11.18-12.06.15:577][  7]LogEditorViewport: Clicking on Actor (LMB): Wall_400x200_Blue_C (Wall_400x200_Blue)
[2014.11.18-12.06.16:440][ 46]BlueprintLog: New page: Pre-PIE auto-recompile
[2014.11.18-12.06.16:441][ 46]LogPlayLevel: [PIE] Compiling Wall_400x200_Blue before PIE...
[2014.11.18-12.06.16:504][ 46]LogPlayLevel: PIE:  Blueprint regeneration took 63 ms (1 blueprints)
[2014.11.18-12.06.16:504][ 46]PIE: New page: PIE session: Example_Map (Nov 18, 2014, 2:06:16 AM)
[2014.11.18-12.06.16:522][ 46]LogPlayLevel: PIE: StaticDuplicateObject took: (0.017435s)
[2014.11.18-12.06.16:523][ 46]LogPlayLevel: PIE: World Init took: (0.000827s)
[2014.11.18-12.06.16:523][ 46]LogPlayLevel: PIE: Created PIE world by copying editor world from /Game/Maps/Example_Map.Example_Map to /Game/Maps/UEDPIE_0_Example_Map.Example_Map (0.018479s)
[2014.11.18-12.06.16:563][ 46]LogWorld: Game class is 'MyGame_C'
[2014.11.18-12.06.16:564][ 46]LogAIModule: Creating AISystem for world Example_Map
[2014.11.18-12.06.16:567][ 46]LogWorld: Bringing World /Game/Maps/UEDPIE_0_Example_Map.Example_Map up for play (max tick rate 0) at 2014.11.18-07.06.16
[2014.11.18-12.06.16:594][ 46]LogWorld: Bringing up level for play took: 0.030112
[2014.11.18-12.06.16:595][ 46]PIE: Info Play in editor start time for /Game/Maps/UEDPIE_0_Example_Map 0.779
[2014.11.18-12.06.26:768][434]LogParticles: Destroying 0 GPU particle simulations for FXSystem 0x000000E053E3F420
[2014.11.18-12.06.27:909][483]Cmd: SELECT NONE
[2014.11.18-12.06.31:268][631]Cmd: TRANSACTION UNDO
[2014.11.18-12.06.31:268][631]LogEditorTransaction: Undo Select None
[2014.11.18-12.06.32:954][698]LogEditorViewport: Clicking Background
[2014.11.18-12.06.33:463][721]Cmd: TRANSACTION UNDO
[2014.11.18-12.06.33:463][721]LogEditorTransaction: Undo Clicking Background
[2014.11.18-12.06.33:474][721]LogActorComponent: UnregisterComponent: (/Engine/Transient.ProjectileMovementComponent_10) Not registered. Aborting.
[2014.11.18-12.06.38:704][956]LogEditorViewport: Clicking on Actor (LMB): Wall_400x200_Blue_C (Wall_400x200_Blue)
[2014.11.18-12.06.38:818][959]LogEditorViewport: Clicking on Actor (double click): Wall_400x200_Blue_C (Wall_400x200_Blue)
[2014.11.18-12.06.39:070][971]LogEditorViewport: Clicking on Actor (LMB): Wall_400x200_Blue_C (Wall_400x200_Blue)
[2014.11.18-12.06.40:140][ 19]BlueprintLog: New page: Pre-PIE auto-recompile
[2014.11.18-12.06.40:143][ 19]LogActorComponent: UnregisterComponent: (/Engine/Transient.ProjectileMovementComponent_11) Not registered. Aborting.
[2014.11.18-12.06.40:143][ 19]LogPlayLevel: [PIE] Compiling MyProjectile before PIE...
[2014.11.18-12.06.40:232][ 19]LogPlayLevel: [PIE] Compiling MyCharacter before PIE...
[2014.11.18-12.06.40:311][ 19]LogPlayLevel: PIE:  Blueprint regeneration took 171 ms (2 blueprints)
[2014.11.18-12.06.40:311][ 19]PIE: New page: PIE session: Example_Map (Nov 18, 2014, 2:06:40 AM)
[2014.11.18-12.06.40:329][ 19]LogPlayLevel: PIE: StaticDuplicateObject took: (0.017141s)
[2014.11.18-12.06.40:329][ 19]LogPlayLevel: PIE: World Init took: (0.000702s)
[2014.11.18-12.06.40:329][ 19]LogPlayLevel: PIE: Created PIE world by copying editor world from /Game/Maps/Example_Map.Example_Map to /Game/Maps/UEDPIE_0_Example_Map.Example_Map (0.018087s)
[2014.11.18-12.06.40:366][ 19]LogWorld: Game class is 'MyGame_C'
[2014.11.18-12.06.40:367][ 19]LogAIModule: Creating AISystem for world Example_Map
[2014.11.18-12.06.40:371][ 19]LogWorld: Bringing World /Game/Maps/UEDPIE_0_Example_Map.Example_Map up for play (max tick rate 0) at 2014.11.18-07.06.40
[2014.11.18-12.06.40:371][ 19]LogWorld: Bringing up level for play took: 0.004191
[2014.11.18-12.06.40:372][ 19]PIE: Info Play in editor start time for /Game/Maps/UEDPIE_0_Example_Map 0.556
[2014.11.18-12.06.52:722][523]LogActorComponent: UnregisterComponent: (/Engine/Transient.CharacterMovementComponent_10) Not registered. Aborting.
[2014.11.18-12.06.52:722][523]LogActorComponent: UnregisterComponent: (/Engine/Transient.ProjectileMovementComponent_12) Not registered. Aborting.
[2014.11.18-12.06.52:740][523]LogParticles: Destroying 0 GPU particle simulations for FXSystem 0x000000E06F0CC400
[2014.11.18-12.06.58:744][765]LogEditorViewport: Clicking on Actor (LMB): Wall_400x200_Blue_C (Wall_400x200_Blue)
[2014.11.18-12.07.02:814][925]LogOutputDevice: === Handled error: ===
Ensure condition failed: ToolkitHost.IsValid() [File:D:\BuildFarm\buildmachine_++depot+UE4-Releases+4.4\Engine\Source\Editor\UnrealEd\Private\Toolkits\BaseToolkit.cpp] [Line: 113]

Stack: Address = 0x41735216 (filename not found) [in C:\Program Files\Unreal Engine\4.4\Engine\Binaries\Win64\UE4Editor-Core.dll]
Address = 0x415c19d1 (filename not found) [in C:\Program Files\Unreal Engine\4.4\Engine\Binaries\Win64\UE4Editor-Core.dll]
Address = 0x402b86c4 (filename not found) [in C:\Program Files\Unreal Engine\4.4\Engine\Binaries\Win64\UE4Editor-UnrealEd.dll]
Address = 0x402bf225 (filename not found) [in C:\Program Files\Unreal Engine\4.4\Engine\Binaries\Win64\UE4Editor-UnrealEd.dll]
Address = 0x402c9bd2 (filename not found) [in C:\Program Files\Unreal Engine\4.4\Engine\Binaries\Win64\UE4Editor-UnrealEd.dll]
Address = 0x2e1aaa89 (filename not found) [in C:\Program Files\Unreal Engine\4.4\Engine\Binaries\Win64\UE4Editor-AssetTools.dll]
Address = 0x2df7b9c5 (filename not found) [in C:\Program Files\Unreal Engine\4.4\Engine\Binaries\Win64\UE4Editor-ContentBrowser.dll]
Address = 0x2df12303 (filename not found) [in C:\Program Files\Unreal Engine\4.4\Engine\Binaries\Win64\UE4Editor-ContentBrowser.dll]
Address = 0x2df1a048 (filename not found) [in C:\Program Files\Unreal Engine\4.4\Engine\Binaries\Win64\UE4Editor-ContentBrowser.dll]
Address = 0x2df8602e (filename not found) [in C:\Program Files\Unreal Engine\4.4\Engine\Binaries\Win64\UE4Editor-ContentBrowser.dll]
Address = 0x2df0c226 (filename not found) [in C:\Program Files\Unreal Engine\4.4\Engine\Binaries\Win64\UE4Editor-ContentBrowser.dll]
Address = 0x2df184ab (filename not found) [in C:\Program Files\Unreal Engine\4.4\Engine\Binaries\Win64\UE4Editor-ContentBrowser.dll]
Address = 0x2df16056 (filename not found) [in C:\Program Files\Unreal Engine\4.4\Engine\Binaries\Win64\UE4Editor-ContentBrowser.dll]
Address = 0x2df9903f (filename not found) [in C:\Program Files\Unreal Engine\4.4\Engine\Binaries\Win64\UE4Editor-ContentBrowser.dll]
Address = 0x2df8626e (filename not found) [in C:\Program Files\Unreal Engine\4.4\Engine\Binaries\Win64\UE4Editor-ContentBrowser.dll]
Address = 0x40c10ee7 (filename not found) [in C:\Program Files\Unreal Engine\4.4\Engine\Binaries\Win64\UE4Editor-Slate.dll]
Address = 0x40c00f98 (filename not found) [in C:\Program Files\Unreal Engine\4.4\Engine\Binaries\Win64\UE4Editor-Slate.dll]
Address = 0x416a333d (filename not found) [in C:\Program Files\Unreal Engine\4.4\Engine\Binaries\Win64\UE4Editor-Core.dll]
Address = 0x4168f871 (filename not found) [in C:\Program Files\Unreal Engine\4.4\Engine\Binaries\Win64\UE4Editor-Core.dll]
Address = 0x416a461e (filename not found) [in C:\Program Files\Unreal Engine\4.4\Engine\Binaries\Win64\UE4Editor-Core.dll]
Address = 0x4168c6e2 (filename not found) [in C:\Program Files\Unreal Engine\4.4\Engine\Binaries\Win64\UE4Editor-Core.dll]
Address = 0x644a2434 (filename not found) [in C:\WINDOWS\system32\USER32.dll]
Address = 0x644a2297 (filename not found) [in C:\WINDOWS\system32\USER32.dll]
Address = 0x416a4ac6 (filename not found) [in C:\Program Files\Unreal Engine\4.4\Engine\Binaries\Win64\UE4Editor-Core.dll]
FEngineLoop::Tick() 0xb44f708d + 8 bytes [File=d:\buildfarm\buildmachine_++depot+ue4-releases+4.4\engine\source\runtime\launch\private\launchengineloop.cpp:2080] [in C:\Program Files\Unreal Engine\4.4\Engine\Binaries\Win64\UE4Editor.exe]
GuardedMain() 0xb44eca3c + 0 bytes [File=d:\buildfarm\buildmachine_++depot+ue4-releases+4.4\engine\source\runtime\launch\private\launch.cpp:133] [in C:\Program Files\Unreal Engine\4.4\Engine\Binaries\Win64\UE4Editor.exe]
GuardedMainWrapper() 0xb44ecaaa + 5 bytes [File=d:\buildfarm\buildmachine_++depot+ue4-releases+4.4\engine\source\runtime\launch\private\windows\launchwindows.cpp:125] [in C:\Program Files\Unreal Engine\4.4\Engine\Binaries\Win64\UE4Editor.exe]
WinMain() 0xb44f88c9 + 17 bytes [File=d:\buildfarm\buildmachine_++depot+ue4-releases+4.4\engine\source\runtime\launch\private\windows\launchwindows.cpp:201] [in C:\Program Files\Unreal Engine\4.4\Engine\Binaries\Win64\UE4Editor.exe]
__tmainCRTStartup() 0xb44f96f9 + 21 bytes [File=f:\dd\vctools\crt\crtw32\dllstuff\crtexe.c:618] [in C:\Program Files\Unreal Engine\4.4\Engine\Binaries\Win64\UE4Editor.exe]
Address = 0x63ac16ad (filename not found) [in C:\WINDOWS\system32\KERNEL32.DLL]
Address = 0x64964409 (filename not found) [in C:\WINDOWS\SYSTEM32\ntdll.dll]
Address = 0x64964409 (filename not found) [in C:\WINDOWS\SYSTEM32\ntdll.dll]

[2014.11.18-12.07.04:502][963]LogOutputDevice: === Handled error: ===
Ensure condition failed: ToolkitHost.IsValid() [File:D:\BuildFarm\buildmachine_++depot+UE4-Releases+4.4\Engine\Source\Editor\UnrealEd\Private\Toolkits\BaseToolkit.cpp] [Line: 113]

Stack: Address = 0x41735216 (filename not found) [in C:\Program Files\Unreal Engine\4.4\Engine\Binaries\Win64\UE4Editor-Core.dll]
Address = 0x415c19d1 (filename not found) [in C:\Program Files\Unreal Engine\4.4\Engine\Binaries\Win64\UE4Editor-Core.dll]
Address = 0x402b86c4 (filename not found) [in C:\Program Files\Unreal Engine\4.4\Engine\Binaries\Win64\UE4Editor-UnrealEd.dll]
Address = 0x402bf225 (filename not found) [in C:\Program Files\Unreal Engine\4.4\Engine\Binaries\Win64\UE4Editor-UnrealEd.dll]
Address = 0x402c9bd2 (filename not found) [in C:\Program Files\Unreal Engine\4.4\Engine\Binaries\Win64\UE4Editor-UnrealEd.dll]
Address = 0x2e1aaa89 (filename not found) [in C:\Program Files\Unreal Engine\4.4\Engine\Binaries\Win64\UE4Editor-AssetTools.dll]
Address = 0x2df7b9c5 (filename not found) [in C:\Program Files\Unreal Engine\4.4\Engine\Binaries\Win64\UE4Editor-ContentBrowser.dll]
Address = 0x2df12303 (filename not found) [in C:\Program Files\Unreal Engine\4.4\Engine\Binaries\Win64\UE4Editor-ContentBrowser.dll]
Address = 0x2df1a048 (filename not found) [in C:\Program Files\Unreal Engine\4.4\Engine\Binaries\Win64\UE4Editor-ContentBrowser.dll]
Address = 0x2df8602e (filename not found) [in C:\Program Files\Unreal Engine\4.4\Engine\Binaries\Win64\UE4Editor-ContentBrowser.dll]
Address = 0x2df0c226 (filename not found) [in C:\Program Files\Unreal Engine\4.4\Engine\Binaries\Win64\UE4Editor-ContentBrowser.dll]
Address = 0x2df184ab (filename not found) [in C:\Program Files\Unreal Engine\4.4\Engine\Binaries\Win64\UE4Editor-ContentBrowser.dll]
Address = 0x2df16056 (filename not found) [in C:\Program Files\Unreal Engine\4.4\Engine\Binaries\Win64\UE4Editor-ContentBrowser.dll]
Address = 0x2df9903f (filename not found) [in C:\Program Files\Unreal Engine\4.4\Engine\Binaries\Win64\UE4Editor-ContentBrowser.dll]
Address = 0x2df8626e (filename not found) [in C:\Program Files\Unreal Engine\4.4\Engine\Binaries\Win64\UE4Editor-ContentBrowser.dll]
Address = 0x40c10ee7 (filename not found) [in C:\Program Files\Unreal Engine\4.4\Engine\Binaries\Win64\UE4Editor-Slate.dll]
Address = 0x40c00f98 (filename not found) [in C:\Program Files\Unreal Engine\4.4\Engine\Binaries\Win64\UE4Editor-Slate.dll]
Address = 0x416a333d (filename not found) [in C:\Program Files\Unreal Engine\4.4\Engine\Binaries\Win64\UE4Editor-Core.dll]
Address = 0x4168f871 (filename not found) [in C:\Program Files\Unreal Engine\4.4\Engine\Binaries\Win64\UE4Editor-Core.dll]
Address = 0x416a461e (filename not found) [in C:\Program Files\Unreal Engine\4.4\Engine\Binaries\Win64\UE4Editor-Core.dll]
Address = 0x4168c6e2 (filename not found) [in C:\Program Files\Unreal Engine\4.4\Engine\Binaries\Win64\UE4Editor-Core.dll]
Address = 0x644a2434 (filename not found) [in C:\WINDOWS\system32\USER32.dll]
Address = 0x644a2297 (filename not found) [in C:\WINDOWS\system32\USER32.dll]
Address = 0x416a4ac6 (filename not found) [in C:\Program Files\Unreal Engine\4.4\Engine\Binaries\Win64\UE4Editor-Core.dll]
FEngineLoop::Tick() 0xb44f708d + 8 bytes [File=d:\buildfarm\buildmachine_++depot+ue4-releases+4.4\engine\source\runtime\launch\private\launchengineloop.cpp:2080] [in C:\Program Files\Unreal Engine\4.4\Engine\Binaries\Win64\UE4Editor.exe]
GuardedMain() 0xb44eca3c + 0 bytes [File=d:\buildfarm\buildmachine_++depot+ue4-releases+4.4\engine\source\runtime\launch\private\launch.cpp:133] [in C:\Program Files\Unreal Engine\4.4\Engine\Binaries\Win64\UE4Editor.exe]
GuardedMainWrapper() 0xb44ecaaa + 5 bytes [File=d:\buildfarm\buildmachine_++depot+ue4-releases+4.4\engine\source\runtime\launch\private\windows\launchwindows.cpp:125] [in C:\Program Files\Unreal Engine\4.4\Engine\Binaries\Win64\UE4Editor.exe]
WinMain() 0xb44f88c9 + 17 bytes [File=d:\buildfarm\buildmachine_++depot+ue4-releases+4.4\engine\source\runtime\launch\private\windows\launchwindows.cpp:201] [in C:\Program Files\Unreal Engine\4.4\Engine\Binaries\Win64\UE4Editor.exe]
__tmainCRTStartup() 0xb44f96f9 + 21 bytes [File=f:\dd\vctools\crt\crtw32\dllstuff\crtexe.c:618] [in C:\Program Files\Unreal Engine\4.4\Engine\Binaries\Win64\UE4Editor.exe]
Address = 0x63ac16ad (filename not found) [in C:\WINDOWS\system32\KERNEL32.DLL]
Address = 0x64964409 (filename not found) [in C:\WINDOWS\SYSTEM32\ntdll.dll]
Address = 0x64964409 (filename not found) [in C:\WINDOWS\SYSTEM32\ntdll.dll]

[2014.11.18-12.07.08:599][ 61]LogOutputDevice: === Handled error: ===
Ensure condition failed: ToolkitHost.IsValid() [File:D:\BuildFarm\buildmachine_++depot+UE4-Releases+4.4\Engine\Source\Editor\UnrealEd\Private\Toolkits\BaseToolkit.cpp] [Line: 113]

Stack: Address = 0x41735216 (filename not found) [in C:\Program Files\Unreal Engine\4.4\Engine\Binaries\Win64\UE4Editor-Core.dll]
Address = 0x415c19d1 (filename not found) [in C:\Program Files\Unreal Engine\4.4\Engine\Binaries\Win64\UE4Editor-Core.dll]
Address = 0x402b86c4 (filename not found) [in C:\Program Files\Unreal Engine\4.4\Engine\Binaries\Win64\UE4Editor-UnrealEd.dll]
Address = 0x402bf225 (filename not found) [in C:\Program Files\Unreal Engine\4.4\Engine\Binaries\Win64\UE4Editor-UnrealEd.dll]
Address = 0x402c9bd2 (filename not found) [in C:\Program Files\Unreal Engine\4.4\Engine\Binaries\Win64\UE4Editor-UnrealEd.dll]
Address = 0x2e1aaa89 (filename not found) [in C:\Program Files\Unreal Engine\4.4\Engine\Binaries\Win64\UE4Editor-AssetTools.dll]
Address = 0x2df7b9c5 (filename not found) [in C:\Program Files\Unreal Engine\4.4\Engine\Binaries\Win64\UE4Editor-ContentBrowser.dll]
Address = 0x2df12303 (filename not found) [in C:\Program Files\Unreal Engine\4.4\Engine\Binaries\Win64\UE4Editor-ContentBrowser.dll]
Address = 0x2df1a048 (filename not found) [in C:\Program Files\Unreal Engine\4.4\Engine\Binaries\Win64\UE4Editor-ContentBrowser.dll]
Address = 0x2df8602e (filename not found) [in C:\Program Files\Unreal Engine\4.4\Engine\Binaries\Win64\UE4Editor-ContentBrowser.dll]
Address = 0x2df0c226 (filename not found) [in C:\Program Files\Unreal Engine\4.4\Engine\Binaries\Win64\UE4Editor-ContentBrowser.dll]
Address = 0x2df184ab (filename not found) [in C:\Program Files\Unreal Engine\4.4\Engine\Binaries\Win64\UE4Editor-ContentBrowser.dll]
Address = 0x2df16056 (filename not found) [in C:\Program Files\Unreal Engine\4.4\Engine\Binaries\Win64\UE4Editor-ContentBrowser.dll]
Address = 0x2df9903f (filename not found) [in C:\Program Files\Unreal Engine\4.4\Engine\Binaries\Win64\UE4Editor-ContentBrowser.dll]
Address = 0x2df8626e (filename not found) [in C:\Program Files\Unreal Engine\4.4\Engine\Binaries\Win64\UE4Editor-ContentBrowser.dll]
Address = 0x40c10ee7 (filename not found) [in C:\Program Files\Unreal Engine\4.4\Engine\Binaries\Win64\UE4Editor-Slate.dll]
Address = 0x40c00f98 (filename not found) [in C:\Program Files\Unreal Engine\4.4\Engine\Binaries\Win64\UE4Editor-Slate.dll]
Address = 0x416a333d (filename not found) [in C:\Program Files\Unreal Engine\4.4\Engine\Binaries\Win64\UE4Editor-Core.dll]
Address = 0x4168f871 (filename not found) [in C:\Program Files\Unreal Engine\4.4\Engine\Binaries\Win64\UE4Editor-Core.dll]
Address = 0x416a461e (filename not found) [in C:\Program Files\Unreal Engine\4.4\Engine\Binaries\Win64\UE4Editor-Core.dll]
Address = 0x4168c6e2 (filename not found) [in C:\Program Files\Unreal Engine\4.4\Engine\Binaries\Win64\UE4Editor-Core.dll]
Address = 0x644a2434 (filename not found) [in C:\WINDOWS\system32\USER32.dll]
Address = 0x644a2297 (filename not found) [in C:\WINDOWS\system32\USER32.dll]
Address = 0x416a4ac6 (filename not found) [in C:\Program Files\Unreal Engine\4.4\Engine\Binaries\Win64\UE4Editor-Core.dll]
FEngineLoop::Tick() 0xb44f708d + 8 bytes [File=d:\buildfarm\buildmachine_++depot+ue4-releases+4.4\engine\source\runtime\launch\private\launchengineloop.cpp:2080] [in C:\Program Files\Unreal Engine\4.4\Engine\Binaries\Win64\UE4Editor.exe]
GuardedMain() 0xb44eca3c + 0 bytes [File=d:\buildfarm\buildmachine_++depot+ue4-releases+4.4\engine\source\runtime\launch\private\launch.cpp:133] [in C:\Program Files\Unreal Engine\4.4\Engine\Binaries\Win64\UE4Editor.exe]
GuardedMainWrapper() 0xb44ecaaa + 5 bytes [File=d:\buildfarm\buildmachine_++depot+ue4-releases+4.4\engine\source\runtime\launch\private\windows\launchwindows.cpp:125] [in C:\Program Files\Unreal Engine\4.4\Engine\Binaries\Win64\UE4Editor.exe]
WinMain() 0xb44f88c9 + 17 bytes [File=d:\buildfarm\buildmachine_++depot+ue4-releases+4.4\engine\source\runtime\launch\private\windows\launchwindows.cpp:201] [in C:\Program Files\Unreal Engine\4.4\Engine\Binaries\Win64\UE4Editor.exe]
__tmainCRTStartup() 0xb44f96f9 + 21 bytes [File=f:\dd\vctools\crt\crtw32\dllstuff\crtexe.c:618] [in C:\Program Files\Unreal Engine\4.4\Engine\Binaries\Win64\UE4Editor.exe]
Address = 0x63ac16ad (filename not found) [in C:\WINDOWS\system32\KERNEL32.DLL]
Address = 0x64964409 (filename not found) [in C:\WINDOWS\SYSTEM32\ntdll.dll]
Address = 0x64964409 (filename not found) [in C:\WINDOWS\SYSTEM32\ntdll.dll]

[2014.11.18-12.07.09:728][108]LogActorComponent: UnregisterComponent: (/Engine/Transient.ProjectileMovementComponent_13) Not registered. Aborting.
[2014.11.18-12.07.09:728][108]LogActorComponent: UnregisterComponent: (/Engine/Transient.CharacterMovementComponent_11) Not registered. Aborting.
[2014.11.18-12.07.11:507][108]Cmd: OBJ SAVEPACKAGE PACKAGE="/Game/Blueprints/MyCharacter" FILE="../../../../../../Users/Matthew/Dropbox/Unreal/Unlit/Content/Blueprints/MyCharacter.uasset" SILENT=true
[2014.11.18-12.07.11:847][108]LogSavePackage: Save=296.491028ms
[2014.11.18-12.07.11:847][108]LogSavePackage: Moving '../../../../../../Users/Matthew/Dropbox/Unreal/Unlit/Saved/MyCharacter69C2C2854E7CE4E6493CFBA404B90595.tmp' to '../../../../../../Users/Matthew/Dropbox/Unreal/Unlit/Content/Blueprints/MyCharacter.uasset'
[2014.11.18-12.07.11:869][108]Cmd: OBJ SAVEPACKAGE PACKAGE="/Game/Blueprints/MyProjectile" FILE="../../../../../../Users/Matthew/Dropbox/Unreal/Unlit/Content/Blueprints/MyProjectile.uasset" SILENT=true
[2014.11.18-12.07.12:250][108]LogSavePackage: Save=366.144501ms
[2014.11.18-12.07.12:250][108]LogSavePackage: Moving '../../../../../../Users/Matthew/Dropbox/Unreal/Unlit/Saved/MyProjectileF747C20A47DA3784CD231497848D0ADE.tmp' to '../../../../../../Users/Matthew/Dropbox/Unreal/Unlit/Content/Blueprints/MyProjectile.uasset'
[2014.11.18-12.07.12:307][108]Cmd: OBJ SAVEPACKAGE PACKAGE="/Game/Maps/Example_Map" FILE="../../../../../../Users/Matthew/Dropbox/Unreal/Unlit/Content/Maps/Example_Map.umap" SILENT=true AUTOSAVING=false KEEPDIRTY=false
[2014.11.18-12.07.12:309][108]LogActorComponent: UnregisterComponent: (/Engine/Transient.CharacterMovementComponent_12) Not registered. Aborting.
[2014.11.18-12.07.12:309][108]LogActorComponent: UnregisterComponent: (/Engine/Transient.ProjectileMovementComponent_14) Not registered. Aborting.
[2014.11.18-12.07.12:373][108]LogSavePackage: Save=32.398724ms
[2014.11.18-12.07.12:373][108]LogSavePackage: Moving '../../../../../../Users/Matthew/Dropbox/Unreal/Unlit/Saved/Example_MapF0FDB93A4C723B430D1267B300858DDA.tmp' to '../../../../../../Users/Matthew/Dropbox/Unreal/Unlit/Content/Maps/Example_Map.umap'
[2014.11.18-12.07.12:434][108]LogFileHelpers: Saving map 'Example_Map' took 0.180
[2014.11.18-12.07.12:663][109]Cmd: QUIT_EDITOR
[2014.11.18-12.07.12:764][109]LogWindowsTextInputMethodSystem:Error: Terminating failed while unadvising the language notification sink from the TSF source.
[2014.11.18-12.07.12:765][109]LogExit: Preparing to exit.
[2014.11.18-12.07.13:231][109]LogExit: Editor shut down
[2014.11.18-12.07.13:231][109]LogExit: Transaction tracking system shut down
[2014.11.18-12.07.13:232][109]LogParticles: Destroying 0 GPU particle simulations for FXSystem 0x000000E053A3A0C0
[2014.11.18-12.07.13:232][109]LogParticles: Destroying 0 GPU particle simulations for FXSystem 0x000000E0555DA0C0
[2014.11.18-12.07.13:232][109]LogParticles: Destroying 0 GPU particle simulations for FXSystem 0x000000E0555D9EE0
[2014.11.18-12.07.13:232][109]LogParticles: Destroying 0 GPU particle simulations for FXSystem 0x000000E0748131A0
[2014.11.18-12.07.13:248][109]LogExit: Object subsystem successfully closed.
[2014.11.18-12.07.13:270][109]LogModuleManager: Shutting down and abandoning module AndroidDeviceDetection (161)
[2014.11.18-12.07.14:149][109]LogModuleManager: Shutting down and abandoning module HTTP (160)
[2014.11.18-12.07.14:149][109]LogModuleManager: Shutting down and abandoning module CrashTracker (159)
[2014.11.18-12.07.14:149][109]LogModuleManager: Shutting down and abandoning module SuperSearch (158)
[2014.11.18-12.07.14:149][109]LogModuleManager: Shutting down and abandoning module SceneOutliner (157)
[2014.11.18-12.07.14:149][109]LogModuleManager: Shutting down and abandoning module EditorWidgets (156)
[2014.11.18-12.07.14:149][109]LogModuleManager: Shutting down and abandoning module CollectionManager (155)
[2014.11.18-12.07.14:149][109]LogModuleManager: Shutting down and abandoning module StatsViewer (154)
[2014.11.18-12.07.14:149][109]LogModuleManager: Shutting down and abandoning module FoliageEdit (153)
[2014.11.18-12.07.14:149][109]LogModuleManager: Shutting down and abandoning module LandscapeEditor (152)
[2014.11.18-12.07.14:149][109]LogModuleManager: Shutting down and abandoning module MeshPaint (151)
[2014.11.18-12.07.14:149][109]LogModuleManager: Shutting down and abandoning module ActorPickerMode (150)
[2014.11.18-12.07.14:149][109]LogModuleManager: Shutting down and abandoning module GeometryMode (149)
[2014.11.18-12.07.14:149][109]LogModuleManager: Shutting down and abandoning module TextureAlignMode (148)
[2014.11.18-12.07.14:149][109]LogModuleManager: Shutting down and abandoning module BspMode (147)
[2014.11.18-12.07.14:149][109]LogModuleManager: Shutting down and abandoning module PlacementMode (146)
[2014.11.18-12.07.14:149][109]LogModuleManager: Shutting down and abandoning module DesktopPlatform (145)
[2014.11.18-12.07.14:149][109]LogModuleManager: Shutting down and abandoning module AutomationWorker (144)
[2014.11.18-12.07.14:149][109]LogModuleManager: Shutting down and abandoning module EditorLiveStreaming (143)
[2014.11.18-12.07.14:149][109]LogModuleManager: Shutting down and abandoning module BehaviorTreeEditor (142)
[2014.11.18-12.07.14:149][109]LogModuleManager: Shutting down and abandoning module DeviceProfileEditor (141)
[2014.11.18-12.07.14:149][109]LogModuleManager: Shutting down and abandoning module UndoHistory (140)
[2014.11.18-12.07.14:149][109]LogModuleManager: Shutting down and abandoning module GameplayTagsEditor (139)
[2014.11.18-12.07.14:149][109]LogModuleManager: Shutting down and abandoning module UserFeedback (138)
[2014.11.18-12.07.14:149][109]LogModuleManager: Shutting down and abandoning module XmlParser (137)
[2014.11.18-12.07.14:149][109]LogModuleManager: Shutting down and abandoning module Blutility (136)
[2014.11.18-12.07.14:149][109]LogModuleManager: Shutting down and abandoning module IOSPlatformEditor (135)
[2014.11.18-12.07.14:149][109]LogModuleManager: Shutting down and abandoning module IOSRuntimeSettings (134)
[2014.11.18-12.07.14:149][109]LogModuleManager: Shutting down and abandoning module AndroidPlatformEditor (133)
[2014.11.18-12.07.14:149][109]LogModuleManager: Shutting down and abandoning module AndroidRuntimeSettings (132)
[2014.11.18-12.07.14:149][109]LogModuleManager: Shutting down and abandoning module ProjectTargetPlatformEditor (131)
[2014.11.18-12.07.14:149][109]LogModuleManager: Shutting down and abandoning module ProjectSettingsViewer (130)
[2014.11.18-12.07.14:149][109]LogModuleManager: Shutting down and abandoning module InputBindingEditor (129)
[2014.11.18-12.07.14:149][109]LogModuleManager: Shutting down and abandoning module EditorSettingsViewer (128)
[2014.11.18-12.07.14:149][109]LogModuleManager: Shutting down and abandoning module SettingsEditor (127)
[2014.11.18-12.07.14:149][109]LogModuleManager: Shutting down and abandoning module SessionLauncher (126)
[2014.11.18-12.07.14:149][109]LogModuleManager: Shutting down and abandoning module SessionFrontend (125)
[2014.11.18-12.07.14:149][109]LogModuleManager: Shutting down and abandoning module ProfilerClient (124)
[2014.11.18-12.07.14:149][109]LogModuleManager: Shutting down and abandoning module TargetDeviceServices (123)
[2014.11.18-12.07.14:150][109]LogModuleManager: Shutting down and abandoning module DeviceManager (122)
[2014.11.18-12.07.14:150][109]LogModuleManager: Shutting down and abandoning module AutomationController (121)
[2014.11.18-12.07.14:150][109]LogModuleManager: Shutting down and abandoning module AutomationWindow (120)
[2014.11.18-12.07.14:150][109]LogModuleManager: Shutting down and abandoning module Layers (119)
[2014.11.18-12.07.14:150][109]LogModuleManager: Shutting down and abandoning module ComponentVisualizers (118)
[2014.11.18-12.07.14:150][109]LogModuleManager: Shutting down and abandoning module DetailCustomizations (117)
[2014.11.18-12.07.14:150][109]LogModuleManager: Shutting down and abandoning module PackagesDialog (116)
[2014.11.18-12.07.14:150][109]LogModuleManager: Shutting down and abandoning module DirectoryWatcher (115)
[2014.11.18-12.07.14:150][109]LogModuleManager: Shutting down and abandoning module AssetRegistry (114)
[2014.11.18-12.07.14:228][109]LogModuleManager: Shutting down and abandoning module Persona (113)
[2014.11.18-12.07.14:228][109]LogModuleManager: Shutting down and abandoning module GraphEditor (112)
[2014.11.18-12.07.14:228][109]LogModuleManager: Shutting down and abandoning module ClassViewer (111)
[2014.11.18-12.07.14:228][109]LogModuleManager: Shutting down and abandoning module Toolbox (110)
[2014.11.18-12.07.14:228][109]LogModuleManager: Shutting down and abandoning module ModuleUI (109)
[2014.11.18-12.07.14:228][109]LogModuleManager: Shutting down and abandoning module Sequencer (108)
[2014.11.18-12.07.14:228][109]LogModuleManager: Shutting down and abandoning module MovieSceneTools (107)
[2014.11.18-12.07.14:228][109]LogModuleManager: Shutting down and abandoning module OutputLog (106)
[2014.11.18-12.07.14:228][109]LogModuleManager: Shutting down and abandoning module GammaUI (105)
[2014.11.18-12.07.14:228][109]LogModuleManager: Shutting down and abandoning module Documentation (104)
[2014.11.18-12.07.14:229][109]LogModuleManager: Shutting down and abandoning module GameLiveStreaming (103)
[2014.11.18-12.07.14:229][109]LogModuleManager: Shutting down and abandoning module StreamingPauseRendering (102)
[2014.11.18-12.07.14:229][109]LogModuleManager: Shutting down and abandoning module AnalyticsET (101)
[2014.11.18-12.07.14:229][109]LogModuleManager: Shutting down and abandoning module Analytics (100)
[2014.11.18-12.07.14:229][109]LogModuleManager: Shutting down and abandoning module GameplayDebugger (99)
[2014.11.18-12.07.14:229][109]LogModuleManager: Shutting down and abandoning module AIModule (98)
[2014.11.18-12.07.14:229][109]LogModuleManager: Shutting down and abandoning module ProfilerService (97)
[2014.11.18-12.07.14:415][109]LogModuleManager: Shutting down and abandoning module TaskGraph (96)
[2014.11.18-12.07.14:415][109]LogModuleManager: Shutting down and abandoning module SlateRemote (95)
[2014.11.18-12.07.14:415][109]LogModuleManager: Shutting down and abandoning module ScriptEditorPlugin (94)
[2014.11.18-12.07.14:415][109]LogModuleManager: Shutting down and abandoning module CustomMeshComponent (93)
[2014.11.18-12.07.14:415][109]LogModuleManager: Shutting down and abandoning module CableComponent (92)
[2014.11.18-12.07.14:415][109]LogModuleManager: Shutting down and abandoning module MessagingDebugger (91)
[2014.11.18-12.07.14:415][109]LogModuleManager: Shutting down and abandoning module ViewportSnapping (90)
[2014.11.18-12.07.14:415][109]LogModuleManager: Shutting down and abandoning module SmartSnapping (89)
[2014.11.18-12.07.14:415][109]LogModuleManager: Shutting down and abandoning module PaperTiledImporter (88)
[2014.11.18-12.07.14:415][109]LogModuleManager: Shutting down and abandoning module PaperJsonImporter (87)
[2014.11.18-12.07.14:415][109]LogModuleManager: Shutting down and abandoning module GameProjectGeneration (86)
[2014.11.18-12.07.14:415][109]LogModuleManager: Shutting down and abandoning module Matinee (85)
[2014.11.18-12.07.14:415][109]LogModuleManager: Shutting down and abandoning module Kismet (84)
[2014.11.18-12.07.14:415][109]LogModuleManager: Shutting down and abandoning module SlateReflector (83)
[2014.11.18-12.07.14:415][109]LogModuleManager: Shutting down and abandoning module LevelEditor (82)
[2014.11.18-12.07.14:416][109]LogModuleManager: Shutting down and abandoning module IntroTutorials (81)
[2014.11.18-12.07.14:416][109]LogModuleManager: Shutting down and abandoning module ContentBrowser (80)
[2014.11.18-12.07.14:416][109]LogModuleManager: Shutting down and abandoning module PropertyEditor (79)
[2014.11.18-12.07.14:416][109]LogModuleManager: Shutting down and abandoning module AssetTools (78)
[2014.11.18-12.07.14:416][109]LogModuleManager: Shutting down and abandoning module Paper2DEditor (77)
[2014.11.18-12.07.14:416][109]LogModuleManager: Shutting down and abandoning module SpeedTreeImporter (76)
[2014.11.18-12.07.14:416][109]LogModuleManager: Shutting down and abandoning module PluginsEditor (75)
[2014.11.18-12.07.14:416][109]LogModuleManager: Shutting down and abandoning module MainFrame (74)
[2014.11.18-12.07.14:416][109]LogModuleManager: Shutting down and abandoning module EpicSurvey (73)
[2014.11.18-12.07.14:416][109]LogModuleManager: Shutting down and abandoning module VisualStudioSourceCodeAccess (72)
[2014.11.18-12.07.14:416][109]LogModuleManager: Shutting down and abandoning module UObjectPlugin (71)
[2014.11.18-12.07.14:416][109]LogModuleManager: Shutting down and abandoning module SubversionSourceControl (70)
[2014.11.18-12.07.14:416][109]LogModuleManager: Shutting down and abandoning module SourceControl (69)
[2014.11.18-12.07.14:416][109]LogModuleManager: Shutting down and abandoning module PerforceSourceControl (68)
[2014.11.18-12.07.14:416][109]LogModuleManager: Shutting down and abandoning module BlankPlugin (67)
[2014.11.18-12.07.14:416][109]LogModuleManager: Shutting down and abandoning module ScriptPlugin (66)
[2014.11.18-12.07.14:416][109]LogModuleManager: Shutting down and abandoning module UdpMessaging (65)
[2014.11.18-12.07.14:517][109]LogModuleManager: Shutting down and abandoning module Paper2D (64)
[2014.11.18-12.07.14:517][109]LogModuleManager: Shutting down and abandoning module WindowsMoviePlayer (63)
[2014.11.18-12.07.14:519][109]LogModuleManager: Shutting down and abandoning module ImageWrapper (62)
[2014.11.18-12.07.14:519][109]LogModuleManager: Shutting down and abandoning module OnlineBlueprintSupport (61)
[2014.11.18-12.07.14:519][109]LogModuleManager: Shutting down and abandoning module FunctionalTesting (60)
[2014.11.18-12.07.14:519][109]LogModuleManager: Shutting down and abandoning module CollisionAnalyzer (59)
[2014.11.18-12.07.14:519][109]LogModuleManager: Shutting down and abandoning module WorkspaceMenuStructure (58)
[2014.11.18-12.07.14:519][109]LogModuleManager: Shutting down and abandoning module MessageLog (57)
[2014.11.18-12.07.14:519][109]LogModuleManager: Shutting down and abandoning module UMGEditor (56)
[2014.11.18-12.07.14:519][109]LogModuleManager: Shutting down and abandoning module UMG (55)
[2014.11.18-12.07.14:519][109]LogModuleManager: Shutting down and abandoning module Slate (54)
[2014.11.18-12.07.14:519][109]LogModuleManager: Shutting down and abandoning module EditorStyle (53)
[2014.11.18-12.07.14:520][109]LogModuleManager: Shutting down and abandoning module SessionServices (52)
[2014.11.18-12.07.14:520][109]LogModuleManager: Shutting down and abandoning module SourceCodeAccess (51)
[2014.11.18-12.07.14:521][109]LogModuleManager: Shutting down and abandoning module HeadMountedDisplay (50)
[2014.11.18-12.07.14:521][109]LogModuleManager: Shutting down and abandoning module XAudio2 (49)
[2014.11.18-12.07.14:521][109]LogModuleManager: Shutting down and abandoning module Networking (47)
[2014.11.18-12.07.14:521][109]LogModuleManager: Shutting down and abandoning module Core (46)
[2014.11.18-12.07.14:521][109]LogModuleManager: Shutting down and abandoning module KismetCompiler (45)
[2014.11.18-12.07.14:521][109]LogModuleManager: Shutting down and abandoning module PhysXFormats (44)
[2014.11.18-12.07.14:521][109]LogModuleManager: Shutting down and abandoning module MeshUtilities (43)
[2014.11.18-12.07.14:521][109]LogModuleManager: Shutting down and abandoning module DerivedDataCache (42)
[2014.11.18-12.07.14:591][109]LogDerivedDataCache: Shutdown
[2014.11.18-12.07.14:591][109]LogModuleManager: Shutting down and abandoning module ShaderFormatOpenGL (41)
[2014.11.18-12.07.14:591][109]LogModuleManager: Shutting down and abandoning module ShaderFormatD3D (40)
[2014.11.18-12.07.14:591][109]LogModuleManager: Shutting down and abandoning module MetalShaderFormat (39)
[2014.11.18-12.07.14:591][109]LogModuleManager: Shutting down and abandoning module TextureFormatUncompressed (38)
[2014.11.18-12.07.14:591][109]LogModuleManager: Shutting down and abandoning module TextureFormatPVR (37)
[2014.11.18-12.07.14:591][109]LogModuleManager: Shutting down and abandoning module TextureFormatDXT (36)
[2014.11.18-12.07.14:591][109]LogModuleManager: Shutting down and abandoning module TextureFormatAndroid (35)
[2014.11.18-12.07.14:591][109]LogModuleManager: Shutting down and abandoning module AudioFormatOpus (34)
[2014.11.18-12.07.14:591][109]LogModuleManager: Shutting down and abandoning module AudioFormatOgg (33)
[2014.11.18-12.07.14:591][109]LogModuleManager: Shutting down and abandoning module AudioFormatADPCM (32)
[2014.11.18-12.07.14:591][109]LogModuleManager: Shutting down and abandoning module Messaging (31)
[2014.11.18-12.07.14:591][109]LogModuleManager: Shutting down and abandoning module IOSTargetPlatform (30)
[2014.11.18-12.07.14:591][109]LogModuleManager: Shutting down and abandoning module Android_PVRTCTargetPlatform (29)
[2014.11.18-12.07.14:591][109]LogModuleManager: Shutting down and abandoning module Android_ETC2TargetPlatform (28)
[2014.11.18-12.07.14:591][109]LogModuleManager: Shutting down and abandoning module Android_ETC1TargetPlatform (27)
[2014.11.18-12.07.14:591][109]LogModuleManager: Shutting down and abandoning module Android_DXTTargetPlatform (26)
[2014.11.18-12.07.14:591][109]LogModuleManager: Shutting down and abandoning module Android_ATCTargetPlatform (25)
[2014.11.18-12.07.14:591][109]LogModuleManager: Shutting down and abandoning module AndroidTargetPlatform (24)
[2014.11.18-12.07.14:591][109]LogModuleManager: Shutting down and abandoning module WindowsTargetPlatform (23)
[2014.11.18-12.07.14:591][109]LogModuleManager: Shutting down and abandoning module WindowsServerTargetPlatform (22)
[2014.11.18-12.07.14:591][109]LogModuleManager: Shutting down and abandoning module WindowsNoEditorTargetPlatform (21)
[2014.11.18-12.07.14:591][109]LogModuleManager: Shutting down and abandoning module WindowsClientTargetPlatform (20)
[2014.11.18-12.07.14:591][109]LogModuleManager: Shutting down and abandoning module TargetPlatform (19)
[2014.11.18-12.07.14:591][109]LogModuleManager: Shutting down and abandoning module InputCore (18)
[2014.11.18-12.07.14:591][109]LogModuleManager: Shutting down and abandoning module Settings (17)
[2014.11.18-12.07.14:591][109]LogModuleManager: Shutting down and abandoning module ExampleDeviceProfileSelector (14)
[2014.11.18-12.07.14:591][109]LogModuleManager: Shutting down and abandoning module OculusRift (13)
[2014.11.18-12.07.14:591][109]LogModuleManager: Shutting down and abandoning module TextureCompressor (12)
[2014.11.18-12.07.14:591][109]LogModuleManager: Shutting down and abandoning module ShaderCore (11)
[2014.11.18-12.07.14:591][109]LogModuleManager: Shutting down and abandoning module OpenGLDrv (10)
[2014.11.18-12.07.14:591][109]LogModuleManager: Shutting down and abandoning module D3D11RHI (9)
[2014.11.18-12.07.14:591][109]LogModuleManager: Shutting down and abandoning module SlateRHIRenderer (8)
[2014.11.18-12.07.14:591][109]LogModuleManager: Shutting down and abandoning module Renderer (7)
[2014.11.18-12.07.14:591][109]LogModuleManager: Shutting down and abandoning module Engine (6)
[2014.11.18-12.07.14:591][109]LogModuleManager: Shutting down and abandoning module CoreUObject (5)
[2014.11.18-12.07.14:591][109]LogModuleManager: Shutting down and abandoning module NetworkFile (4)
[2014.11.18-12.07.14:591][109]LogModuleManager: Shutting down and abandoning module StreamingFile (3)
[2014.11.18-12.07.14:591][109]LogModuleManager: Shutting down and abandoning module SandboxFile (2)
[2014.11.18-12.07.14:591][109]LogModuleManager: Shutting down and abandoning module PakFile (1)
[2014.11.18-12.07.14:591][109]LogExit: Exiting.
[2014.11.18-12.07.14:593][109]Log file closed, 11/18/14 07:07:14
