Log file open, 11/18/14 07:09:07
LogInit:Display: Running engine for game: Unlit
LogInit: Version: 4.4.3-2296771+++depot+UE4-Releases+4.4
LogInit: API Version: 2255576
LogInit: Compiled (64-bit): Sep 13 2014 22:30:58
LogInit: Build Configuration: Development
LogInit: Branch Name: ++depot+UE4-Releases+4.4
LogInit: Command line: 
LogInit: Base directory: C:/Program Files/Unreal Engine/4.4/Engine/Binaries/Win64/
LogInit: Rocket: 1
[2014.11.18-12.09.07:933][  0]LogTaskGraph: Started task graph with 3 named threads and 4 total threads.
[2014.11.18-12.09.07:961][  0]LogOnline:Warning: No default platform service specified for OnlineSubsystem
[2014.11.18-12.09.07:966][  0]LogInit: Presizing for 0 objects not considered by GC, pre-allocating 0 bytes.
[2014.11.18-12.09.07:972][  0]LogInit: Object subsystem initialized
[2014.11.18-12.09.07:973][  0]LogInit: Selected Device Profile: [Windows]
[2014.11.18-12.09.07:973][  0]LogInit: Applying CVar settings loaded from the selected device profile: [Windows]
[2014.11.18-12.09.07:976][  0]LogInit: Computer: MATTHEW_PC
[2014.11.18-12.09.07:977][  0]LogInit: User: Matthew
[2014.11.18-12.09.07:978][  0]LogInit: CPU Page size=4096, Cores=4
[2014.11.18-12.09.07:978][  0]LogInit: High frequency timer resolution =3.312785 MHz
[2014.11.18-12.09.07:978][  0]LogMemory: Memory total: Physical=5.9GB (6GB approx) Virtual=131072.0GB
[2014.11.18-12.09.07:978][  0]LogMemory: Platform Memory Stats for Windows
[2014.11.18-12.09.07:978][  0]LogMemory: Process Physical Memory: 60.73 MB used, 60.73 MB peak
[2014.11.18-12.09.07:978][  0]LogMemory: Process Virtual Memory: 36.55 MB used, 36.55 MB peak
[2014.11.18-12.09.07:978][  0]LogMemory: Physical Memory: 3857.39 MB used, 6030.96 MB total
[2014.11.18-12.09.07:978][  0]LogMemory: Virtual Memory: 270.61 MB used, 134217728.00 MB total
[2014.11.18-12.09.07:997][  0]LogD3D11RHI: Found D3D11 adapter 0: NVIDIA GeForce GT 640  (Feature Level 11_0)
[2014.11.18-12.09.07:997][  0]LogD3D11RHI: Adapter has 965MB of dedicated video memory, 0MB of dedicated system memory, and 3015MB of shared system memory, 1 output[s]
[2014.11.18-12.09.08:001][  0]LogD3D11RHI: Found D3D11 adapter 1: Intel(R) HD Graphics 4000 (Feature Level 11_0)
[2014.11.18-12.09.08:001][  0]LogD3D11RHI: Adapter has 965MB of dedicated video memory, 0MB of dedicated system memory, and 3015MB of shared system memory, 0 output[s]
[2014.11.18-12.09.08:002][  0]LogD3D11RHI: Found D3D11 adapter 2: Microsoft Basic Render Driver (Feature Level 11_0)
[2014.11.18-12.09.08:002][  0]LogD3D11RHI: Adapter has 965MB of dedicated video memory, 0MB of dedicated system memory, and 3015MB of shared system memory, 0 output[s]
[2014.11.18-12.09.08:002][  0]LogD3D11RHI: Chosen D3D11 Adapter Id = 0
[2014.11.18-12.09.08:006][  0]LogRHI: Texture pool is 676 MB (70% of 965 MB)
[2014.11.18-12.09.08:011][  0]LogD3D11RHI: Async texture creation enabled
[2014.11.18-12.09.08:099][  0]LogContentStreaming: Texture pool size is 0.000000MB
[2014.11.18-12.09.09:256][  0]LogTargetPlatformManager:Display: Building Assets For Windows
[2014.11.18-12.09.09:562][  0]LogTargetPlatformManager:Display: Building Assets For Windows
[2014.11.18-12.09.09:590][  0]LogDerivedDataCache:Display: Max Cache Size: 512 MB
[2014.11.18-12.09.09:622][  0]LogDerivedDataCache: Loaded boot cache 0.03s 39MB C:/Users/Matthew/AppData/Local/UnrealEngine/4.4/DerivedDataCache/Boot.ddc.
[2014.11.18-12.09.09:622][  0]LogDerivedDataCache:Display: Loaded Boot cache: C:/Users/Matthew/AppData/Local/UnrealEngine/4.4/DerivedDataCache/Boot.ddc
[2014.11.18-12.09.09:622][  0]LogDerivedDataCache: FDerivedDataBackendGraph:  Pak pak cache file ../../../../../../Users/Matthew/Dropbox/Unreal/Unlit/DerivedDataCache/DDC.ddp not found, will not use a pak cache.
[2014.11.18-12.09.09:622][  0]LogDerivedDataCache: Unable to find inner node Pak for hierarchical cache Hierarchy.
[2014.11.18-12.09.09:635][  0]LogDerivedDataCache:Display: Pak cache opened for reading ../../../Engine/DerivedDataCache/DDC.ddp.
[2014.11.18-12.09.09:665][  0]LogDerivedDataCache: Using Local data cache path C:/Users/Matthew/AppData/Local/UnrealEngine/4.4/DerivedDataCache: Writable
[2014.11.18-12.09.09:786][  0]LogMeshUtilities: No automatic mesh reduction module available
[2014.11.18-12.09.09:786][  0]LogMeshUtilities: No automatic mesh merging module available
[2014.11.18-12.09.10:040][  0]LogInit: WinSock: version 1.1 (2.2), MaxSocks=32767, MaxUdp=65467
[2014.11.18-12.09.10:555][  0]LogStats:Warning: MetaData mismatch. Did you assign a stat to two groups? New //STATGROUP_Threads//FMonitoredProcess///Thread_2748_0///////STATCAT_Advanced//// old //STATGROUP_Threads//FMonitoredProcess///Thread_2f70_0///////STATCAT_Advanced////
[2014.11.18-12.09.10:555][  0]UdpMessaging: Initializing bridge on interface 0.0.0.0:0 to multicast group 230.0.0.1:6666.
[2014.11.18-12.09.10:645][  0]SourceControl: Info Source control is disabled
[2014.11.18-12.09.10:645][  0]SourceControl: Info Source control is disabled
[2014.11.18-12.09.10:648][  0]SourceControl: Info Source control is disabled
[2014.11.18-12.09.10:757][  0]BlueprintLog: New page: Editor Load
[2014.11.18-12.09.10:815][  0]LogObj: 21438 objects as part of root set at end of initial load.
[2014.11.18-12.09.10:815][  0]LogUObjectAllocator: 4218656 out of 0 bytes used by permanent object pool.
[2014.11.18-12.09.10:943][  0]LogEngine: Initializing Engine...
[2014.11.18-12.09.11:020][  0]LogInit: XAudio2 using 'Speakers (Realtek High Definition Audio)' : 2 channels at 48 kHz using 32 bits per sample (channel mask 0x3)
[2014.11.18-12.09.11:111][  0]LogInit: FAudioDevice initialized.
[2014.11.18-12.09.11:121][  0]LogAIModule: Creating AISystem for world NewWorld
[2014.11.18-12.09.11:140][  0]LogDerivedDataCache: Saved boot cache 0.02s 39MB C:/Users/Matthew/AppData/Local/UnrealEngine/4.4/DerivedDataCache/Boot.ddc.
[2014.11.18-12.09.11:144][  0]LogInit: Texture streaming: Enabled
[2014.11.18-12.09.11:164][  0]LogInit: Transaction tracking system initialized
[2014.11.18-12.09.11:235][  0]LogAssetRegistry: FAssetRegistry took 0.0110 seconds to start up
[2014.11.18-12.09.11:570][  0]LogTargetPlatformManager:Display: Building Assets For Windows
[2014.11.18-12.09.11:820][  0]LogTargetPlatformManager:Display: Building Assets For Windows
[2014.11.18-12.09.11:896][  0]LogConsoleResponse:Display: 
[2014.11.18-12.09.12:005][  0]LogStats:Warning: MetaData mismatch. Did you assign a stat to two groups? New //STATGROUP_Threads//FMonitoredProcess///Thread_234c_0///////STATCAT_Advanced//// old //STATGROUP_Threads//FMonitoredProcess///Thread_2f70_0///////STATCAT_Advanced////
[2014.11.18-12.09.12:005][  0]LogStats:Warning: MetaData mismatch. Did you assign a stat to two groups? New //STATGROUP_Threads//FMonitoredProcess///Thread_36e0_0///////STATCAT_Advanced//// old //STATGROUP_Threads//FMonitoredProcess///Thread_2f70_0///////STATCAT_Advanced////
[2014.11.18-12.09.12:005][  0]SourceControl: Info Source control is disabled
[2014.11.18-12.09.12:005][  0]Cmd: MAP LOAD FILE="../../../../../../Users/Matthew/Dropbox/Unreal/Unlit/Content/Maps/Example_Map.umap" TEMPLATE=0 SHOWPROGRESS=1
[2014.11.18-12.09.12:005][  0]LightingResults: New page: Lighting Build
[2014.11.18-12.09.12:010][  0]MapCheck: New page: Map Check
[2014.11.18-12.09.12:010][  0]LightingResults: New page: Lighting Build
[2014.11.18-12.09.12:021][  0]LogParticles: Destroying 0 GPU particle simulations for FXSystem 0x0000001B910B5300
[2014.11.18-12.09.12:090][  0]LogClass:Warning: Type mismatch in NewVar of Wall_400x200_Blue_C - Previous (ObjectProperty) Current(BoolProperty) for package:  FObjectReader
[2014.11.18-12.09.12:144][  0]LogEditorServer: Finished looking for orphan Actors (0.000 secs)
[2014.11.18-12.09.12:144][  0]LogAIModule: Creating AISystem for world Example_Map
[2014.11.18-12.09.12:145][  0]Cmd: MAP CHECKDEP
[2014.11.18-12.09.12:145][  0]MapCheck: New page: Example_Map - Nov 18, 2014, 2:09:12 AM
[2014.11.18-12.09.12:190][  0]MapCheck: Info ========== Map Check: 0 Error(s), 0 Warning(s), [45.218ms] ==========
[2014.11.18-12.09.12:190][  0]LogFileHelpers: Loading map 'Example_Map' took 0.185
[2014.11.18-12.09.12:277][  0]LogCollectionManager: Loaded 0 collections in 0.000695 seconds
[2014.11.18-12.09.12:334][  0]LogCrashTracker: Crashtracker disabled due to settings.
[2014.11.18-12.09.12:380][  0]LogLoad: Full Startup: 5.99 seconds (BP compile: 0.04 seconds)
[2014.11.18-12.09.12:390][  0]LogContentBrowser:Verbose: The content browser source was changed by the sources view to '/Game/Blueprints'
[2014.11.18-12.09.12:475][  0]LogRenderer:Warning: Reallocating scene render targets to support 32x32.
[2014.11.18-12.09.12:577][  0]LogRenderer:Warning: Reallocating scene render targets to support 896x872.
[2014.11.18-12.09.12:898][  1]LogAssetRegistry: Asset discovery search completed in 1.6745 seconds
[2014.11.18-12.09.48:771][562]LogPlayLevel: PIE:  No blueprints needed recompiling
[2014.11.18-12.09.48:771][562]PIE: New page: PIE session: Example_Map (Nov 18, 2014, 2:09:48 AM)
[2014.11.18-12.09.48:792][562]LogPlayLevel: PIE: StaticDuplicateObject took: (0.021418s)
[2014.11.18-12.09.48:793][562]LogPlayLevel: PIE: World Init took: (0.000735s)
[2014.11.18-12.09.48:793][562]LogPlayLevel: PIE: Created PIE world by copying editor world from /Game/Maps/Example_Map.Example_Map to /Game/Maps/UEDPIE_0_Example_Map.Example_Map (0.022407s)
[2014.11.18-12.09.49:028][562]BlueprintLog:Warning: Warning Blueprint MyGame has been migrated and requires re-saving to avoid import errors
[2014.11.18-12.09.49:029][562]LogWorld: Game class is 'MyGame_C'
[2014.11.18-12.09.49:030][562]LogAIModule: Creating AISystem for world Example_Map
[2014.11.18-12.09.49:034][562]LogWorld: Bringing World /Game/Maps/UEDPIE_0_Example_Map.Example_Map up for play (max tick rate 0) at 2014.11.18-07.09.49
[2014.11.18-12.09.49:034][562]LogWorld: Bringing up level for play took: 0.004219
[2014.11.18-12.09.49:036][562]PIE: Info Play in editor start time for /Game/Maps/UEDPIE_0_Example_Map 1.219
[2014.11.18-12.09.49:141][563]LogRenderer:Warning: Reallocating scene render targets to support 896x880.
[2014.11.18-12.09.50:310][611]LogActorComponent: UnregisterComponent: (/Engine/Transient.ProjectileMovementComponent_0) Not registered. Aborting.
[2014.11.18-12.09.50:310][611]LogActorComponent: UnregisterComponent: (/Engine/Transient.CharacterMovementComponent_0) Not registered. Aborting.
[2014.11.18-12.09.50:328][611]LogParticles: Destroying 0 GPU particle simulations for FXSystem 0x0000001B99994AE0
[2014.11.18-12.10.16:187][625]LogSlate:Warning: GetFontFace failed to load or process 'Roboto-Regular'
[2014.11.18-12.10.16:187][625]LogSlate:Warning: GetFontFace failed to load or process 'Roboto-Regular'
[2014.11.18-12.10.16:189][625]LogSlate:Warning: GetFontFace failed to load or process 'Roboto-Regular'
[2014.11.18-12.10.16:189][625]LogSlate:Warning: GetFontFace failed to load or process 'Roboto-Regular'
[2014.11.18-12.10.16:189][625]LogSlate:Warning: GetFontFace failed to load or process 'Roboto-Regular'
[2014.11.18-12.10.16:189][625]LogSlate:Warning: GetFontFace failed to load or process 'Roboto-Regular'
[2014.11.18-12.10.16:189][625]LogSlate:Warning: GetFontFace failed to load or process 'Roboto-Regular'
[2014.11.18-12.10.16:189][625]LogSlate:Warning: GetFontFace failed to load or process 'Roboto-Regular'
[2014.11.18-12.10.16:189][625]LogSlate:Warning: GetFontFace failed to load or process 'Roboto-Regular'
[2014.11.18-12.10.16:189][625]LogSlate:Warning: GetFontFace failed to load or process 'Roboto-Regular'
[2014.11.18-12.10.16:190][625]LogSlate:Warning: GetFontFace failed to load or process 'Roboto-Regular'
[2014.11.18-12.10.16:190][625]LogSlate:Warning: GetFontFace failed to load or process 'Roboto-Regular'
[2014.11.18-12.10.16:190][625]LogSlate:Warning: GetFontFace failed to load or process 'Roboto-Regular'
[2014.11.18-12.10.16:190][625]LogSlate:Warning: GetFontFace failed to load or process 'Roboto-Regular'
[2014.11.18-12.10.16:190][625]LogSlate:Warning: GetFontFace failed to load or process 'Roboto-Regular'
[2014.11.18-12.10.16:190][625]LogSlate:Warning: GetFontFace failed to load or process 'Roboto-Regular'
[2014.11.18-12.10.16:190][625]LogSlate:Warning: GetFontFace failed to load or process 'Roboto-Regular'
[2014.11.18-12.10.16:190][625]LogSlate:Warning: GetFontFace failed to load or process 'Roboto-Regular'
[2014.11.18-12.10.33:305][801]LogSlate:Warning: GetFontFace failed to load or process 'Roboto-Regular'
[2014.11.18-12.10.33:305][801]LogSlate:Warning: GetFontFace failed to load or process 'Roboto-Regular'
[2014.11.18-12.11.17:901][984]LogActorComponent: UnregisterComponent: (/Engine/Transient.ProjectileMovementComponent_1) Not registered. Aborting.
[2014.11.18-12.11.17:901][984]LogActorComponent: UnregisterComponent: (/Engine/Transient.CharacterMovementComponent_1) Not registered. Aborting.
[2014.11.18-12.11.25:918][458]LogActorComponent: UnregisterComponent: (/Engine/Transient.ProjectileMovementComponent_2) Not registered. Aborting.
[2014.11.18-12.11.29:201][581]LogActorComponent: UnregisterComponent: (/Engine/Transient.ProjectileMovementComponent_3) Not registered. Aborting.
[2014.11.18-12.11.32:523][705]LogActorComponent: UnregisterComponent: (/Engine/Transient.ProjectileMovementComponent_4) Not registered. Aborting.
[2014.11.18-12.11.35:989][837]BlueprintLog: New page: Compile MyProjectile
[2014.11.18-12.11.36:056][837]LogActorComponent: UnregisterComponent: (/Engine/Transient.ProjectileMovementComponent_5) Not registered. Aborting.
[2014.11.18-12.11.36:098][837]BlueprintEditorCompileResults: Info [0149.62] Compile of MyProjectile successful! [in 6 ms]
[2014.11.18-12.11.43:276][112]LogActorComponent: UnregisterComponent: (/Engine/Transient.ProjectileMovementComponent_6) Not registered. Aborting.
[2014.11.18-12.11.43:276][112]LogActorComponent: UnregisterComponent: (/Engine/Transient.CharacterMovementComponent_2) Not registered. Aborting.
[2014.11.18-12.11.47:799][279]BlueprintLog: New page: Compile MyProjectile
[2014.11.18-12.11.47:853][279]LogActorComponent: UnregisterComponent: (/Engine/Transient.ProjectileMovementComponent_7) Not registered. Aborting.
[2014.11.18-12.11.47:889][279]BlueprintEditorCompileResults: Info [0161.42] Compile of MyProjectile successful! [in 3 ms]
[2014.11.18-12.13.24:901][167]LogContentBrowser:Verbose: The content browser source was changed by the sources view to '/Game'
[2014.11.18-12.13.37:896][112]LogContentBrowser:Verbose: The content browser source was changed by the sources view to 'None'
[2014.11.18-12.13.37:896][112]LogContentBrowser:Verbose: The content browser source was changed by the sources view to '/Game/Architecture'
[2014.11.18-12.13.55:109][265]LogContentBrowser:Verbose: The content browser source was changed by the sources view to '/Game/Blueprints'
[2014.11.18-12.14.02:163][483]LogContentBrowser:Verbose: The content browser source was changed by the sources view to '/Game/Architecture'
[2014.11.18-12.14.23:311][332]LogActorComponent: UnregisterComponent: (/Engine/Transient.ProjectileMovementComponent_8) Not registered. Aborting.
[2014.11.18-12.14.23:311][332]LogActorComponent: UnregisterComponent: (/Engine/Transient.CharacterMovementComponent_3) Not registered. Aborting.
[2014.11.18-12.14.23:346][332]LogParticles: Destroying 0 GPU particle simulations for FXSystem 0x0000001B9ED4F420
[2014.11.18-12.14.23:346][332]LogParticles: Destroying 0 GPU particle simulations for FXSystem 0x0000001B996C1DA0
[2014.11.18-12.14.23:346][332]LogParticles: Destroying 0 GPU particle simulations for FXSystem 0x0000001BA0E2F6A0
[2014.11.18-12.14.26:835][332]LogObjectTools:Warning: ForceReplaceReferences replaced references for a transient object 'TransBuffer_0' or package '/Engine/Transient'.
[2014.11.18-12.14.26:835][332]LogObjectTools:Warning: ForceReplaceReferences replaced references for a transient object 'SKEL_Wall_400x200_Blue_Child_C' or package '/Game/Architecture/Wall_400x200_Blue_Child'.
[2014.11.18-12.14.53:183][919]LogContentBrowser:Verbose: The content browser source was changed by the sources view to '/Game/Blueprints'
[2014.11.18-12.15.09:946][788]LogActorComponent: UnregisterComponent: (/Engine/Transient.ProjectileMovementComponent_9) Not registered. Aborting.
[2014.11.18-12.15.09:946][788]LogActorComponent: UnregisterComponent: (/Engine/Transient.CharacterMovementComponent_4) Not registered. Aborting.
[2014.11.18-12.15.15:095][ 32]LogSlate:Warning: GetFontFace failed to load or process 'Roboto-Regular'
[2014.11.18-12.15.15:095][ 32]LogSlate:Warning: GetFontFace failed to load or process 'Roboto-Regular'
[2014.11.18-12.15.15:095][ 32]LogSlate:Warning: GetFontFace failed to load or process 'Roboto-Regular'
[2014.11.18-12.15.15:095][ 32]LogSlate:Warning: GetFontFace failed to load or process 'Roboto-Regular'
[2014.11.18-12.15.15:095][ 32]LogSlate:Warning: GetFontFace failed to load or process 'Roboto-Regular'
[2014.11.18-12.15.15:095][ 32]LogSlate:Warning: GetFontFace failed to load or process 'Roboto-Regular'
[2014.11.18-12.15.15:095][ 32]LogSlate:Warning: GetFontFace failed to load or process 'Roboto-Regular'
[2014.11.18-12.15.15:095][ 32]LogSlate:Warning: GetFontFace failed to load or process 'Roboto-Regular'
[2014.11.18-12.15.15:095][ 32]LogSlate:Warning: GetFontFace failed to load or process 'Roboto-Regular'
[2014.11.18-12.15.15:095][ 32]LogSlate:Warning: GetFontFace failed to load or process 'Roboto-Regular'
[2014.11.18-12.15.15:095][ 32]LogSlate:Warning: GetFontFace failed to load or process 'Roboto-Regular'
[2014.11.18-12.15.15:095][ 32]LogSlate:Warning: GetFontFace failed to load or process 'Roboto-Regular'
[2014.11.18-12.15.15:096][ 32]LogSlate:Warning: GetFontFace failed to load or process 'Roboto-Regular'
[2014.11.18-12.15.15:096][ 32]LogSlate:Warning: GetFontFace failed to load or process 'Roboto-Regular'
[2014.11.18-12.15.54:461][402]LogActorComponent: UnregisterComponent: (/Engine/Transient.ProjectileMovementComponent_10) Not registered. Aborting.
[2014.11.18-12.15.59:145][659]LogActorComponent: UnregisterComponent: (/Engine/Transient.ProjectileMovementComponent_11) Not registered. Aborting.
[2014.11.18-12.16.00:866][724]LogActorComponent: UnregisterComponent: (/Engine/Transient.ProjectileMovementComponent_12) Not registered. Aborting.
[2014.11.18-12.16.08:609][ 80]LogActorComponent: UnregisterComponent: (/Engine/Transient.ProjectileMovementComponent_13) Not registered. Aborting.
[2014.11.18-12.16.11:930][230]LogActorComponent: UnregisterComponent: (/Engine/Transient.ProjectileMovementComponent_14) Not registered. Aborting.
[2014.11.18-12.16.13:307][280]LogActorComponent: UnregisterComponent: (/Engine/Transient.ProjectileMovementComponent_15) Not registered. Aborting.
[2014.11.18-12.16.17:457][433]LogActorComponent: UnregisterComponent: (/Engine/Transient.ProjectileMovementComponent_16) Not registered. Aborting.
[2014.11.18-12.16.48:604][110]LogActorComponent: UnregisterComponent: (/Engine/Transient.ProjectileMovementComponent_17) Not registered. Aborting.
[2014.11.18-12.19.18:089][845]LogSlate:Warning: GetFontFace failed to load or process 'Roboto-Regular'
[2014.11.18-12.19.22:704][122]LogActorComponent: UnregisterComponent: (/Engine/Transient.ProjectileMovementComponent_18) Not registered. Aborting.
[2014.11.18-12.19.22:704][122]LogActorComponent: UnregisterComponent: (/Engine/Transient.CharacterMovementComponent_5) Not registered. Aborting.
[2014.11.18-12.19.23:431][144]LogActorComponent: UnregisterComponent: (/Engine/Transient.ProjectileMovementComponent_19) Not registered. Aborting.
[2014.11.18-12.19.23:461][144]LogParticles: Destroying 0 GPU particle simulations for FXSystem 0x0000001B8B1C3100
[2014.11.18-12.19.23:461][144]LogParticles: Destroying 0 GPU particle simulations for FXSystem 0x0000001B998DF380
[2014.11.18-12.19.23:552][144]LogSavePackage: Save=35.833595ms
[2014.11.18-12.19.23:552][144]LogSavePackage: Moving '../../../../../../Users/Matthew/Dropbox/Unreal/Unlit/Saved/Example_Map_Auto14C47538E4073A70EB052F7A15B0F71B5.tmp' to '../../../../../../Users/Matthew/Dropbox/Unreal/Unlit/Saved/Autosaves/Game/Maps/Example_Map_Auto1.umap'
[2014.11.18-12.19.23:559][144]LogFileHelpers: Editor autosave (incl. sublevels) for '/Game/Maps/Example_Map' took 0.128
[2014.11.18-12.19.23:559][144]LogFileHelpers: Editor autosave (incl. sublevels) for all levels took 0.128
[2014.11.18-12.19.23:566][144]OBJ SavePackage: Generating thumbnails for [1] asset(s) in package [/Game/Blueprints/MyProjectile] ([1] browsable assets)...
[2014.11.18-12.19.23:594][144]OBJ SavePackage:     Rendered thumbnail for [Blueprint /Game/Blueprints/MyProjectile.MyProjectile]
[2014.11.18-12.19.23:594][144]OBJ SavePackage: Finished generating thumbnails for package [/Game/Blueprints/MyProjectile]
[2014.11.18-12.19.23:991][144]LogSavePackage: Save=372.289185ms
[2014.11.18-12.19.23:991][144]LogSavePackage: Moving '../../../../../../Users/Matthew/Dropbox/Unreal/Unlit/Saved/MyProjectile_Auto17BFA1C3248FE429E20C99AA2B68936D2.tmp' to '../../../../../../Users/Matthew/Dropbox/Unreal/Unlit/Saved/Autosaves/Game/Blueprints/MyProjectile_Auto1.uasset'
[2014.11.18-12.19.24:003][144]OBJ SavePackage: Generating thumbnails for [1] asset(s) in package [/Game/Blueprints/MyCharacter] ([1] browsable assets)...
[2014.11.18-12.19.24:028][144]OBJ SavePackage:     Rendered thumbnail for [Blueprint /Game/Blueprints/MyCharacter.MyCharacter]
[2014.11.18-12.19.24:028][144]OBJ SavePackage: Finished generating thumbnails for package [/Game/Blueprints/MyCharacter]
[2014.11.18-12.19.24:335][144]LogSavePackage: Save=283.580139ms
[2014.11.18-12.19.24:335][144]LogSavePackage: Moving '../../../../../../Users/Matthew/Dropbox/Unreal/Unlit/Saved/MyCharacter_Auto1C9A392394A4DA9C73144059E2907785C.tmp' to '../../../../../../Users/Matthew/Dropbox/Unreal/Unlit/Saved/Autosaves/Game/Blueprints/MyCharacter_Auto1.uasset'
[2014.11.18-12.19.24:341][144]LogFileHelpers: Auto-saving content packages took 0.782
[2014.11.18-12.20.00:144][904]LogSlate:Warning: Prevented a slow task dialog from being summoned while a context menu was open
[2014.11.18-12.21.10:785][200]LogSlate:Warning: GetFontFace failed to load or process 'Roboto-Regular'
[2014.11.18-12.21.10:785][200]LogSlate:Warning: GetFontFace failed to load or process 'Roboto-Regular'
[2014.11.18-12.21.10:785][200]LogSlate:Warning: GetFontFace failed to load or process 'Roboto-Regular'
[2014.11.18-12.21.10:785][200]LogSlate:Warning: GetFontFace failed to load or process 'Roboto-Regular'
[2014.11.18-12.21.12:239][264]LogActorComponent: UnregisterComponent: (/Engine/Transient.ProjectileMovementComponent_20) Not registered. Aborting.
[2014.11.18-12.21.12:239][264]LogActorComponent: UnregisterComponent: (/Engine/Transient.CharacterMovementComponent_6) Not registered. Aborting.
[2014.11.18-12.21.27:327][896]LogActorComponent: UnregisterComponent: (/Engine/Transient.ProjectileMovementComponent_21) Not registered. Aborting.
[2014.11.18-12.21.45:951][  1]LogActorComponent: UnregisterComponent: (/Engine/Transient.ProjectileMovementComponent_22) Not registered. Aborting.
[2014.11.18-12.21.57:999][697]LogActorComponent: UnregisterComponent: (/Engine/Transient.ProjectileMovementComponent_23) Not registered. Aborting.
[2014.11.18-12.23.06:312][ 24]LogSlate:Warning: GetFontFace failed to load or process 'Roboto-Regular'
[2014.11.18-12.28.04:660][436]LogEditorTransaction: Undo Create Pin Link
[2014.11.18-12.28.04:690][436]LogActorComponent: UnregisterComponent: (/Engine/Transient.ProjectileMovementComponent_24) Not registered. Aborting.
[2014.11.18-12.28.19:653][288]Cmd: TRANSACTION UNDO
[2014.11.18-12.28.19:653][288]LogEditorTransaction: Undo Delete current selection
[2014.11.18-12.28.19:669][288]LogActorComponent: UnregisterComponent: (/Engine/Transient.ProjectileMovementComponent_25) Not registered. Aborting.
[2014.11.18-12.28.40:015][466]LogActorComponent: UnregisterComponent: (/Engine/Transient.ProjectileMovementComponent_26) Not registered. Aborting.
[2014.11.18-12.28.45:520][719]BlueprintLog: New page: Pre-PIE auto-recompile
[2014.11.18-12.28.45:528][719]LogActorComponent: UnregisterComponent: (/Engine/Transient.ProjectileMovementComponent_27) Not registered. Aborting.
[2014.11.18-12.28.45:528][719]LogPlayLevel: [PIE] Compiling MyProjectile before PIE...
[2014.11.18-12.28.45:584][719]LogBlueprint:Error: [compiler] Error The type of  Array  is undetermined.  Connect something to  Make Array  to imply a specific type.
[2014.11.18-12.28.45:584][719]LogBlueprint:Error: [compiler] Error The type of  [0]  is undetermined.  Connect something to  Make Array  to imply a specific type.
[2014.11.18-12.28.45:584][719]LogBlueprint:Error: [compiler] Error The type of  TargetArray  is undetermined.  Connect something to  Get  to imply a specific type.
[2014.11.18-12.28.45:584][719]LogBlueprint:Error: [compiler] Error The type of  Item  is undetermined.  Connect something to  Get  to imply a specific type.
[2014.11.18-12.28.45:585][719]LogBlueprint:Error: [compiler] Error Dependency cycle detected, preventing node  Make Array  from being scheduled
[2014.11.18-12.28.45:585][719]LogBlueprint:Error: [compiler] Error Dependency cycle detected, preventing node  Get  from being scheduled
[2014.11.18-12.28.45:609][719]LogBlueprint:Warning: [compiler] Warning [1179.21] Compile of MyProjectile failed. 6 Fatal Issue(s) 0 Warning(s) [in 28 ms]
[2014.11.18-12.28.45:723][719]LogPlayLevel: [PIE] Compiling MyCharacter before PIE...
[2014.11.18-12.28.45:842][719]LogPlayLevel: PIE:  Blueprint regeneration took 322 ms (2 blueprints)
[2014.11.18-12.28.48:143][719]BlueprintLog: Info Blueprint MyProjectile failed to compile
[2014.11.18-12.29.01:123][247]LogSlate:Warning: Prevented a slow task dialog from being summoned while a context menu was open
[2014.11.18-12.29.18:729][178]LogActorComponent: UnregisterComponent: (/Engine/Transient.CharacterMovementComponent_7) Not registered. Aborting.
[2014.11.18-12.29.18:729][178]LogActorComponent: UnregisterComponent: (/Engine/Transient.ProjectileMovementComponent_28) Not registered. Aborting.
[2014.11.18-12.29.22:990][389]BlueprintLog: New page: Pre-PIE auto-recompile
[2014.11.18-12.29.22:997][389]LogActorComponent: UnregisterComponent: (/Engine/Transient.ProjectileMovementComponent_29) Not registered. Aborting.
[2014.11.18-12.29.22:997][389]LogPlayLevel: [PIE] Compiling MyProjectile before PIE...
[2014.11.18-12.29.23:057][389]LogPlayLevel: [PIE] Compiling MyCharacter before PIE...
[2014.11.18-12.29.23:147][389]LogPlayLevel: PIE:  Blueprint regeneration took 156 ms (2 blueprints)
[2014.11.18-12.29.23:147][389]PIE: New page: PIE session: Example_Map (Nov 18, 2014, 2:29:23 AM)
[2014.11.18-12.29.23:163][389]LogPlayLevel: PIE: StaticDuplicateObject took: (0.016175s)
[2014.11.18-12.29.23:164][389]LogPlayLevel: PIE: World Init took: (0.000878s)
[2014.11.18-12.29.23:164][389]LogPlayLevel: PIE: Created PIE world by copying editor world from /Game/Maps/Example_Map.Example_Map to /Game/Maps/UEDPIE_0_Example_Map.Example_Map (0.017294s)
[2014.11.18-12.29.23:198][389]LogWorld: Game class is 'MyGame_C'
[2014.11.18-12.29.23:199][389]LogAIModule: Creating AISystem for world Example_Map
[2014.11.18-12.29.23:202][389]LogWorld: Bringing World /Game/Maps/UEDPIE_0_Example_Map.Example_Map up for play (max tick rate 0) at 2014.11.18-07.29.23
[2014.11.18-12.29.23:203][389]LogWorld: Bringing up level for play took: 0.004036
[2014.11.18-12.29.23:204][389]PIE: Info Play in editor start time for /Game/Maps/UEDPIE_0_Example_Map -0.612
[2014.11.18-12.29.24:769][446]LogActorComponent: UnregisterComponent: (/Engine/Transient.CharacterMovementComponent_8) Not registered. Aborting.
[2014.11.18-12.29.24:770][446]LogActorComponent: UnregisterComponent: (/Engine/Transient.ProjectileMovementComponent_30) Not registered. Aborting.
[2014.11.18-12.29.24:787][446]LogParticles: Destroying 0 GPU particle simulations for FXSystem 0x0000001B9F243D80
[2014.11.18-12.29.34:768][950]LogFileHelpers: Editor autosave (incl. sublevels) for '/Game/Maps/Example_Map' took 0.015
[2014.11.18-12.29.34:775][950]OBJ SavePackage: Generating thumbnails for [1] asset(s) in package [/Game/Blueprints/MyProjectile] ([1] browsable assets)...
[2014.11.18-12.29.34:811][950]OBJ SavePackage:     Rendered thumbnail for [Blueprint /Game/Blueprints/MyProjectile.MyProjectile]
[2014.11.18-12.29.34:811][950]OBJ SavePackage: Finished generating thumbnails for package [/Game/Blueprints/MyProjectile]
[2014.11.18-12.29.35:215][950]LogSavePackage: Save=376.829468ms
[2014.11.18-12.29.35:215][950]LogSavePackage: Moving '../../../../../../Users/Matthew/Dropbox/Unreal/Unlit/Saved/MyProjectile_Auto296DF66504686D1D977AD0A84E2198710.tmp' to '../../../../../../Users/Matthew/Dropbox/Unreal/Unlit/Saved/Autosaves/Game/Blueprints/MyProjectile_Auto2.uasset'
[2014.11.18-12.29.35:229][950]OBJ SavePackage: Generating thumbnails for [1] asset(s) in package [/Game/Blueprints/MyCharacter] ([1] browsable assets)...
[2014.11.18-12.29.35:258][950]OBJ SavePackage:     Rendered thumbnail for [Blueprint /Game/Blueprints/MyCharacter.MyCharacter]
[2014.11.18-12.29.35:258][950]OBJ SavePackage: Finished generating thumbnails for package [/Game/Blueprints/MyCharacter]
[2014.11.18-12.29.35:568][950]LogSavePackage: Save=285.893890ms
[2014.11.18-12.29.35:568][950]LogSavePackage: Moving '../../../../../../Users/Matthew/Dropbox/Unreal/Unlit/Saved/MyCharacter_Auto27F9DC167460A095957FD28B2EC89754A.tmp' to '../../../../../../Users/Matthew/Dropbox/Unreal/Unlit/Saved/Autosaves/Game/Blueprints/MyCharacter_Auto2.uasset'
[2014.11.18-12.29.35:575][950]LogFileHelpers: Auto-saving content packages took 0.808
[2014.11.18-12.32.40:148][270]LogActorComponent: UnregisterComponent: (/Engine/Transient.ProjectileMovementComponent_31) Not registered. Aborting.
[2014.11.18-12.32.40:148][270]LogActorComponent: UnregisterComponent: (/Engine/Transient.CharacterMovementComponent_9) Not registered. Aborting.
[2014.11.18-12.32.42:089][344]LogActorComponent: UnregisterComponent: (/Engine/Transient.ProjectileMovementComponent_32) Not registered. Aborting.
[2014.11.18-12.32.47:520][643]LogActorComponent: UnregisterComponent: (/Engine/Transient.ProjectileMovementComponent_33) Not registered. Aborting.
[2014.11.18-12.32.49:066][701]LogActorComponent: UnregisterComponent: (/Engine/Transient.ProjectileMovementComponent_34) Not registered. Aborting.
[2014.11.18-12.32.54:926][944]LogActorComponent: UnregisterComponent: (/Engine/Transient.ProjectileMovementComponent_35) Not registered. Aborting.
[2014.11.18-12.33.59:422][363]LogEditorViewport: Clicking on Actor (LMB): Wall_400x200_Blue_C (Wall_400x200_Blue)
[2014.11.18-12.34.18:070][341]LogActorComponent: UnregisterComponent: (/Engine/Transient.ProjectileMovementComponent_36) Not registered. Aborting.
[2014.11.18-12.35.35:005][196]Cmd: OBJ SAVEPACKAGE PACKAGE="/Game/Maps/Example_Map" FILE="../../../../../../Users/Matthew/Dropbox/Unreal/Unlit/Content/Maps/Example_Map.umap" SILENT=true AUTOSAVING=false KEEPDIRTY=false
[2014.11.18-12.35.35:083][196]LogSavePackage: Save=35.867104ms
[2014.11.18-12.35.35:084][196]LogSavePackage: Moving '../../../../../../Users/Matthew/Dropbox/Unreal/Unlit/Saved/Example_Map65EFA5B148A1D2F99723C685429C229D.tmp' to '../../../../../../Users/Matthew/Dropbox/Unreal/Unlit/Content/Maps/Example_Map.umap'
[2014.11.18-12.35.35:113][196]LogFileHelpers: Saving map 'Example_Map' took 0.159
[2014.11.18-12.35.35:133][196]Cmd: OBJ SAVEPACKAGE PACKAGE="/Game/Architecture/Wall_400x200_Blue" FILE="../../../../../../Users/Matthew/Dropbox/Unreal/Unlit/Content/Architecture/Wall_400x200_Blue.uasset" SILENT=true
[2014.11.18-12.35.35:483][196]LogSavePackage: Save=332.500610ms
[2014.11.18-12.35.35:483][196]LogSavePackage: Moving '../../../../../../Users/Matthew/Dropbox/Unreal/Unlit/Saved/Wall_400x200_Blue78F1BF014AAAF8C744030E95652A943F.tmp' to '../../../../../../Users/Matthew/Dropbox/Unreal/Unlit/Content/Architecture/Wall_400x200_Blue.uasset'
[2014.11.18-12.35.35:508][196]Cmd: OBJ SAVEPACKAGE PACKAGE="/Game/Blueprints/MyProjectile" FILE="../../../../../../Users/Matthew/Dropbox/Unreal/Unlit/Content/Blueprints/MyProjectile.uasset" SILENT=true
[2014.11.18-12.35.35:932][196]LogSavePackage: Save=406.646362ms
[2014.11.18-12.35.35:932][196]LogSavePackage: Moving '../../../../../../Users/Matthew/Dropbox/Unreal/Unlit/Saved/MyProjectileB4C3C8B14A120761E092EAA7D6B6E1AF.tmp' to '../../../../../../Users/Matthew/Dropbox/Unreal/Unlit/Content/Blueprints/MyProjectile.uasset'
[2014.11.18-12.35.35:941][196]Cmd: OBJ SAVEPACKAGE PACKAGE="/Game/Blueprints/MyCharacter" FILE="../../../../../../Users/Matthew/Dropbox/Unreal/Unlit/Content/Blueprints/MyCharacter.uasset" SILENT=true
[2014.11.18-12.35.35:997][196]LogSavePackage: Save=38.646938ms
[2014.11.18-12.35.35:997][196]LogSavePackage: Moving '../../../../../../Users/Matthew/Dropbox/Unreal/Unlit/Saved/MyCharacter6BB9274E42E6398F46D98C968715BF41.tmp' to '../../../../../../Users/Matthew/Dropbox/Unreal/Unlit/Content/Blueprints/MyCharacter.uasset'
[2014.11.18-12.35.37:330][240]LogActorComponent: UnregisterComponent: (/Engine/Transient.ProjectileMovementComponent_37) Not registered. Aborting.
[2014.11.18-12.36.26:987][315]LogActorComponent: UnregisterComponent: (/Engine/Transient.ProjectileMovementComponent_38) Not registered. Aborting.
[2014.11.18-12.36.59:204][597]LogActorComponent: UnregisterComponent: (/Engine/Transient.ProjectileMovementComponent_39) Not registered. Aborting.
[2014.11.18-12.37.10:803][196]LogRenderer:Warning: Reallocating scene render targets to support 1616x896.
[2014.11.18-12.37.44:564][488]LogContentBrowser:Verbose: The content browser source was changed by the sources view to 'None'
[2014.11.18-12.37.44:565][488]LogContentBrowser:Verbose: The content browser source was changed by the sources view to '/Game/Architecture'
[2014.11.18-12.38.46:114][982]LogActorComponent: UnregisterComponent: (/Engine/Transient.ProjectileMovementComponent_40) Not registered. Aborting.
[2014.11.18-12.39.39:931][781]LogSlate:Warning: Prevented a slow task dialog from being summoned while a context menu was open
[2014.11.18-12.42.46:472][498]BlueprintLog: New page: Compile MyProjectile
[2014.11.18-12.42.46:564][498]BlueprintEditorCompileResults: Info [2020.10] Compile of MyProjectile successful! [in 6 ms]
[2014.11.18-12.45.35:961][980]LogParticles: Destroying 0 GPU particle simulations for FXSystem 0x0000001BB4AE3420
[2014.11.18-12.45.36:068][980]LogSavePackage: Save=43.606815ms
[2014.11.18-12.45.36:068][980]LogSavePackage: Moving '../../../../../../Users/Matthew/Dropbox/Unreal/Unlit/Saved/Example_Map_Auto3440BD2F64017D27D193847AAE10DE90A.tmp' to '../../../../../../Users/Matthew/Dropbox/Unreal/Unlit/Saved/Autosaves/Game/Maps/Example_Map_Auto3.umap'
[2014.11.18-12.45.36:076][980]LogFileHelpers: Editor autosave (incl. sublevels) for '/Game/Maps/Example_Map' took 0.143
[2014.11.18-12.45.36:076][980]LogFileHelpers: Editor autosave (incl. sublevels) for all levels took 0.143
[2014.11.18-12.45.36:084][980]OBJ SavePackage: Generating thumbnails for [1] asset(s) in package [/Game/Architecture/Wall_400x200_Blue] ([1] browsable assets)...
[2014.11.18-12.45.36:114][980]OBJ SavePackage:     Rendered thumbnail for [Blueprint /Game/Architecture/Wall_400x200_Blue.Wall_400x200_Blue]
[2014.11.18-12.45.36:114][980]OBJ SavePackage: Finished generating thumbnails for package [/Game/Architecture/Wall_400x200_Blue]
[2014.11.18-12.45.36:474][980]LogSavePackage: Save=334.058502ms
[2014.11.18-12.45.36:474][980]LogSavePackage: Moving '../../../../../../Users/Matthew/Dropbox/Unreal/Unlit/Saved/Wall_400x200_Blue_Auto37FDE478E4D0DB9E8B5044E9CF7D7820E.tmp' to '../../../../../../Users/Matthew/Dropbox/Unreal/Unlit/Saved/Autosaves/Game/Architecture/Wall_400x200_Blue_Auto3.uasset'
[2014.11.18-12.45.36:488][980]OBJ SavePackage: Generating thumbnails for [1] asset(s) in package [/Game/Blueprints/MyProjectile] ([1] browsable assets)...
[2014.11.18-12.45.36:514][980]OBJ SavePackage:     Rendered thumbnail for [Blueprint /Game/Blueprints/MyProjectile.MyProjectile]
[2014.11.18-12.45.36:514][980]OBJ SavePackage: Finished generating thumbnails for package [/Game/Blueprints/MyProjectile]
[2014.11.18-12.45.36:924][980]LogSavePackage: Save=382.611908ms
[2014.11.18-12.45.36:924][980]LogSavePackage: Moving '../../../../../../Users/Matthew/Dropbox/Unreal/Unlit/Saved/MyProjectile_Auto3F58D2F274003A7C6F1E79EAD1457C688.tmp' to '../../../../../../Users/Matthew/Dropbox/Unreal/Unlit/Saved/Autosaves/Game/Blueprints/MyProjectile_Auto3.uasset'
[2014.11.18-12.45.36:938][980]OBJ SavePackage: Generating thumbnails for [1] asset(s) in package [/Game/Blueprints/MyCharacter] ([1] browsable assets)...
[2014.11.18-12.45.36:965][980]OBJ SavePackage:     Rendered thumbnail for [Blueprint /Game/Blueprints/MyCharacter.MyCharacter]
[2014.11.18-12.45.36:965][980]OBJ SavePackage: Finished generating thumbnails for package [/Game/Blueprints/MyCharacter]
[2014.11.18-12.45.37:363][980]LogSavePackage: Save=288.735016ms
[2014.11.18-12.45.37:363][980]LogSavePackage: Moving '../../../../../../Users/Matthew/Dropbox/Unreal/Unlit/Saved/MyCharacter_Auto364BFA3B3499E196B30B4EEAC5BFAA45D.tmp' to '../../../../../../Users/Matthew/Dropbox/Unreal/Unlit/Saved/Autosaves/Game/Blueprints/MyCharacter_Auto3.uasset'
[2014.11.18-12.45.37:370][980]LogFileHelpers: Auto-saving content packages took 1.293
[2014.11.18-12.45.53:872][817]LogActorComponent: UnregisterComponent: (/Engine/Transient.ProjectileMovementComponent_41) Not registered. Aborting.
[2014.11.18-12.45.53:872][817]LogActorComponent: UnregisterComponent: (/Engine/Transient.CharacterMovementComponent_10) Not registered. Aborting.
[2014.11.18-12.45.53:965][817]Cmd: OBJ SAVEPACKAGE PACKAGE="/Game/Maps/Example_Map" FILE="../../../../../../Users/Matthew/Dropbox/Unreal/Unlit/Content/Maps/Example_Map.umap" SILENT=true AUTOSAVING=false KEEPDIRTY=false
[2014.11.18-12.45.54:144][817]LogSavePackage: Save=144.307587ms
[2014.11.18-12.45.54:145][817]LogSavePackage: Moving '../../../../../../Users/Matthew/Dropbox/Unreal/Unlit/Saved/Example_Map928C73BA4F5B839BC3B9FEA4D9398AE9.tmp' to '../../../../../../Users/Matthew/Dropbox/Unreal/Unlit/Content/Maps/Example_Map.umap'
[2014.11.18-12.45.54:168][817]LogFileHelpers: Saving map 'Example_Map' took 0.254
[2014.11.18-12.45.54:170][817]Cmd: OBJ SAVEPACKAGE PACKAGE="/Game/Architecture/Wall_400x200_Blue" FILE="../../../../../../Users/Matthew/Dropbox/Unreal/Unlit/Content/Architecture/Wall_400x200_Blue.uasset" SILENT=true
[2014.11.18-12.45.54:203][817]LogSavePackage: Save=17.156260ms
[2014.11.18-12.45.54:203][817]LogSavePackage: Moving '../../../../../../Users/Matthew/Dropbox/Unreal/Unlit/Saved/Wall_400x200_Blue17FCE92140B53D386C13FB8E932C92F1.tmp' to '../../../../../../Users/Matthew/Dropbox/Unreal/Unlit/Content/Architecture/Wall_400x200_Blue.uasset'
[2014.11.18-12.45.54:227][817]Cmd: OBJ SAVEPACKAGE PACKAGE="/Game/Blueprints/MyProjectile" FILE="../../../../../../Users/Matthew/Dropbox/Unreal/Unlit/Content/Blueprints/MyProjectile.uasset" SILENT=true
[2014.11.18-12.45.54:623][817]LogSavePackage: Save=379.162537ms
[2014.11.18-12.45.54:623][817]LogSavePackage: Moving '../../../../../../Users/Matthew/Dropbox/Unreal/Unlit/Saved/MyProjectileAD12085C47B72AB4B9DC7489B0302ED8.tmp' to '../../../../../../Users/Matthew/Dropbox/Unreal/Unlit/Content/Blueprints/MyProjectile.uasset'
[2014.11.18-12.45.54:632][817]Cmd: OBJ SAVEPACKAGE PACKAGE="/Game/Blueprints/MyCharacter" FILE="../../../../../../Users/Matthew/Dropbox/Unreal/Unlit/Content/Blueprints/MyCharacter.uasset" SILENT=true
[2014.11.18-12.45.54:686][817]LogSavePackage: Save=38.922237ms
[2014.11.18-12.45.54:686][817]LogSavePackage: Moving '../../../../../../Users/Matthew/Dropbox/Unreal/Unlit/Saved/MyCharacter8E06CB5645F834B13EEB26A03D52544F.tmp' to '../../../../../../Users/Matthew/Dropbox/Unreal/Unlit/Content/Blueprints/MyCharacter.uasset'
[2014.11.18-12.45.58:708][975]BlueprintLog: New page: Pre-PIE auto-recompile
[2014.11.18-12.45.58:708][975]LogPlayLevel: [PIE] Compiling MyProjectile before PIE...
[2014.11.18-12.45.58:772][975]LogPlayLevel: [PIE] Compiling Wall_400x200_Blue before PIE...
[2014.11.18-12.45.58:828][975]LogPlayLevel: [PIE] Compiling MyCharacter before PIE...
[2014.11.18-12.45.58:898][975]LogActorComponent: UnregisterComponent: (/Engine/Transient.ProjectileMovementComponent_42) Not registered. Aborting.
[2014.11.18-12.45.58:915][975]LogParticles: Destroying 0 GPU particle simulations for FXSystem 0x0000001BB9BB7560
[2014.11.18-12.45.58:915][975]LogParticles: Destroying 0 GPU particle simulations for FXSystem 0x0000001BA4487100
[2014.11.18-12.45.58:920][975]LogPlayLevel: PIE:  Blueprint regeneration took 212 ms (3 blueprints)
[2014.11.18-12.45.58:920][975]PIE: New page: PIE session: Example_Map (Nov 18, 2014, 2:45:58 AM)
[2014.11.18-12.45.58:936][975]LogPlayLevel: PIE: StaticDuplicateObject took: (0.016252s)
[2014.11.18-12.45.58:937][975]LogPlayLevel: PIE: World Init took: (0.000936s)
[2014.11.18-12.45.58:938][975]LogPlayLevel: PIE: Created PIE world by copying editor world from /Game/Maps/Example_Map.Example_Map to /Game/Maps/UEDPIE_0_Example_Map.Example_Map (0.017417s)
[2014.11.18-12.45.58:970][975]LogWorld: Game class is 'MyGame_C'
[2014.11.18-12.45.58:971][975]LogAIModule: Creating AISystem for world Example_Map
[2014.11.18-12.45.58:974][975]LogWorld: Bringing World /Game/Maps/UEDPIE_0_Example_Map.Example_Map up for play (max tick rate 0) at 2014.11.18-07.45.58
[2014.11.18-12.45.58:975][975]LogWorld: Bringing up level for play took: 0.003914
[2014.11.18-12.45.58:976][975]PIE: Info Play in editor start time for /Game/Maps/UEDPIE_0_Example_Map 1.16
[2014.11.18-12.46.04:747][229]LogParticles: Destroying 0 GPU particle simulations for FXSystem 0x0000001B98DAE020
[2014.11.18-12.46.06:291][291]LogEditorViewport: Clicking on Actor (LMB): Wall_400x200_Blueprint_C (Wall_400x200_Blueprint)
[2014.11.18-12.46.08:742][405]BlueprintLog: New page: Pre-PIE auto-recompile
[2014.11.18-12.46.08:742][405]LogPlayLevel: [PIE] Compiling MyProjectile before PIE...
[2014.11.18-12.46.08:802][405]LogPlayLevel: [PIE] Compiling MyCharacter before PIE...
[2014.11.18-12.46.08:899][405]LogPlayLevel: PIE:  Blueprint regeneration took 156 ms (2 blueprints)
[2014.11.18-12.46.08:899][405]PIE: New page: PIE session: Example_Map (Nov 18, 2014, 2:46:08 AM)
[2014.11.18-12.46.08:916][405]LogPlayLevel: PIE: StaticDuplicateObject took: (0.017077s)
[2014.11.18-12.46.08:917][405]LogPlayLevel: PIE: World Init took: (0.000932s)
[2014.11.18-12.46.08:917][405]LogPlayLevel: PIE: Created PIE world by copying editor world from /Game/Maps/Example_Map.Example_Map to /Game/Maps/UEDPIE_0_Example_Map.Example_Map (0.018214s)
[2014.11.18-12.46.08:945][405]LogWorld: Game class is 'MyGame_C'
[2014.11.18-12.46.08:946][405]LogAIModule: Creating AISystem for world Example_Map
[2014.11.18-12.46.08:950][405]LogWorld: Bringing World /Game/Maps/UEDPIE_0_Example_Map.Example_Map up for play (max tick rate 0) at 2014.11.18-07.46.08
[2014.11.18-12.46.08:950][405]LogWorld: Bringing up level for play took: 0.003998
[2014.11.18-12.46.08:951][405]PIE: Info Play in editor start time for /Game/Maps/UEDPIE_0_Example_Map 1.135
[2014.11.18-12.46.13:426][604]LogParticles: Destroying 0 GPU particle simulations for FXSystem 0x0000001BA90F6020
[2014.11.18-12.46.14:260][640]Cmd: SELECT NONE
[2014.11.18-12.46.36:071][578]LogEditorViewport: Clicking on Actor (LMB): Wall_400x200_Blue_C (Wall_400x200_Blue)
[2014.11.18-12.46.38:185][671]LogPlayLevel: PIE:  No blueprints needed recompiling
[2014.11.18-12.46.38:186][671]PIE: New page: PIE session: Example_Map (Nov 18, 2014, 2:46:38 AM)
[2014.11.18-12.46.38:203][671]LogPlayLevel: PIE: StaticDuplicateObject took: (0.017080s)
[2014.11.18-12.46.38:204][671]LogPlayLevel: PIE: World Init took: (0.000985s)
[2014.11.18-12.46.38:204][671]LogPlayLevel: PIE: Created PIE world by copying editor world from /Game/Maps/Example_Map.Example_Map to /Game/Maps/UEDPIE_0_Example_Map.Example_Map (0.018310s)
[2014.11.18-12.46.38:233][671]LogWorld: Game class is 'MyGame_C'
[2014.11.18-12.46.38:234][671]LogAIModule: Creating AISystem for world Example_Map
[2014.11.18-12.46.38:238][671]LogWorld: Bringing World /Game/Maps/UEDPIE_0_Example_Map.Example_Map up for play (max tick rate 0) at 2014.11.18-07.46.38
[2014.11.18-12.46.38:238][671]LogWorld: Bringing up level for play took: 0.004073
[2014.11.18-12.46.38:239][671]PIE: Info Play in editor start time for /Game/Maps/UEDPIE_0_Example_Map 0.423
[2014.11.18-12.46.57:537][448]LogParticles: Destroying 0 GPU particle simulations for FXSystem 0x0000001BB564DDA0
[2014.11.18-12.47.01:719][622]Cmd: OBJ SAVEPACKAGE PACKAGE="/Game/Maps/Example_Map" FILE="../../../../../../Users/Matthew/Dropbox/Unreal/Unlit/Content/